{"/home/subhranshus/Projects/MERN/Assignments/assignment10/dam_backend/src/app.ts": {"path":"/home/subhranshus/Projects/MERN/Assignments/assignment10/dam_backend/src/app.ts","statementMap":{"0":{"start":{"line":1,"column":0},"end":{"line":1,"column":30}},"1":{"start":{"line":2,"column":0},"end":{"line":2,"column":24}},"2":{"start":{"line":3,"column":0},"end":{"line":3,"column":28}},"3":{"start":{"line":4,"column":0},"end":{"line":4,"column":16}},"4":{"start":{"line":5,"column":0},"end":{"line":5,"column":50}},"5":{"start":{"line":6,"column":0},"end":{"line":6,"column":46}},"6":{"start":{"line":7,"column":0},"end":{"line":7,"column":55}},"7":{"start":{"line":8,"column":0},"end":{"line":8,"column":48}},"8":{"start":{"line":9,"column":0},"end":{"line":9,"column":54}},"9":{"start":{"line":10,"column":0},"end":{"line":10,"column":54}},"10":{"start":{"line":11,"column":0},"end":{"line":11,"column":64}},"11":{"start":{"line":12,"column":0},"end":{"line":12,"column":44}},"12":{"start":{"line":14,"column":12},"end":{"line":14,"column":21}},"13":{"start":{"line":16,"column":0},"end":{"line":16,"column":16}},"14":{"start":{"line":17,"column":0},"end":{"line":17,"column":24}},"15":{"start":{"line":19,"column":0},"end":{"line":19,"column":37}},"16":{"start":{"line":20,"column":0},"end":{"line":20,"column":34}},"17":{"start":{"line":21,"column":0},"end":{"line":21,"column":43}},"18":{"start":{"line":22,"column":0},"end":{"line":22,"column":37}},"19":{"start":{"line":23,"column":0},"end":{"line":23,"column":44}},"20":{"start":{"line":24,"column":0},"end":{"line":24,"column":43}},"21":{"start":{"line":25,"column":0},"end":{"line":25,"column":54}},"22":{"start":{"line":26,"column":0},"end":{"line":26,"column":33}},"23":{"start":{"line":29,"column":0},"end":{"line":29,"column":19}}},"fnMap":{},"branchMap":{},"s":{"0":7,"1":7,"2":7,"3":7,"4":7,"5":7,"6":7,"7":7,"8":7,"9":7,"10":7,"11":7,"12":7,"13":7,"14":7,"15":7,"16":7,"17":7,"18":7,"19":7,"20":7,"21":7,"22":7,"23":7},"f":{},"b":{}}
,"/home/subhranshus/Projects/MERN/Assignments/assignment10/dam_backend/src/config/minio.connection.ts": {"path":"/home/subhranshus/Projects/MERN/Assignments/assignment10/dam_backend/src/config/minio.connection.ts","statementMap":{"0":{"start":{"line":1,"column":0},"end":{"line":1,"column":31}},"1":{"start":{"line":3,"column":13},"end":{"line":9,"column":3}}},"fnMap":{},"branchMap":{"0":{"loc":{"start":{"line":5,"column":17},"end":{"line":5,"column":49}},"type":"binary-expr","locations":[{"start":{"line":5,"column":17},"end":{"line":5,"column":39}},{"start":{"line":5,"column":43},"end":{"line":5,"column":49}}]}},"s":{"0":7,"1":7},"f":{},"b":{"0":[7,0]}}
,"/home/subhranshus/Projects/MERN/Assignments/assignment10/dam_backend/src/config/redis.connection.ts": {"path":"/home/subhranshus/Projects/MERN/Assignments/assignment10/dam_backend/src/config/redis.connection.ts","statementMap":{"0":{"start":{"line":2,"column":13},"end":{"line":5,"column":2}}},"fnMap":{},"branchMap":{"0":{"loc":{"start":{"line":3,"column":8},"end":{"line":3,"column":45}},"type":"binary-expr","locations":[{"start":{"line":3,"column":8},"end":{"line":3,"column":30}},{"start":{"line":3,"column":34},"end":{"line":3,"column":45}}]},"1":{"loc":{"start":{"line":4,"column":17},"end":{"line":4,"column":49}},"type":"binary-expr","locations":[{"start":{"line":4,"column":17},"end":{"line":4,"column":39}},{"start":{"line":4,"column":43},"end":{"line":4,"column":49}}]}},"s":{"0":7},"f":{},"b":{"0":[7,0],"1":[7,0]}}
,"/home/subhranshus/Projects/MERN/Assignments/assignment10/dam_backend/src/controllers/analytics.controller.ts": {"path":"/home/subhranshus/Projects/MERN/Assignments/assignment10/dam_backend/src/controllers/analytics.controller.ts","statementMap":{"0":{"start":{"line":2,"column":0},"end":{"line":2,"column":48}},"1":{"start":{"line":3,"column":0},"end":{"line":3,"column":33}},"2":{"start":{"line":8,"column":31},"end":{"line":27,"column":1}},"3":{"start":{"line":9,"column":2},"end":{"line":26,"column":3}},"4":{"start":{"line":10,"column":69},"end":{"line":10,"column":77}},"5":{"start":{"line":12,"column":4},"end":{"line":14,"column":5}},"6":{"start":{"line":13,"column":6},"end":{"line":13,"column":79}},"7":{"start":{"line":16,"column":22},"end":{"line":21,"column":6}},"8":{"start":{"line":23,"column":4},"end":{"line":23,"column":36}},"9":{"start":{"line":25,"column":4},"end":{"line":25,"column":64}},"10":{"start":{"line":8,"column":13},"end":{"line":8,"column":31}},"11":{"start":{"line":32,"column":32},"end":{"line":49,"column":1}},"12":{"start":{"line":33,"column":2},"end":{"line":48,"column":3}},"13":{"start":{"line":34,"column":19},"end":{"line":34,"column":29}},"14":{"start":{"line":36,"column":4},"end":{"line":38,"column":5}},"15":{"start":{"line":37,"column":6},"end":{"line":37,"column":68}},"16":{"start":{"line":40,"column":22},"end":{"line":40,"column":50}},"17":{"start":{"line":41,"column":4},"end":{"line":43,"column":5}},"18":{"start":{"line":42,"column":6},"end":{"line":42,"column":70}},"19":{"start":{"line":45,"column":4},"end":{"line":45,"column":24}},"20":{"start":{"line":47,"column":4},"end":{"line":47,"column":64}},"21":{"start":{"line":32,"column":13},"end":{"line":32,"column":32}},"22":{"start":{"line":54,"column":31},"end":{"line":71,"column":1}},"23":{"start":{"line":55,"column":2},"end":{"line":70,"column":3}},"24":{"start":{"line":56,"column":19},"end":{"line":56,"column":29}},"25":{"start":{"line":58,"column":4},"end":{"line":60,"column":5}},"26":{"start":{"line":59,"column":6},"end":{"line":59,"column":68}},"27":{"start":{"line":62,"column":22},"end":{"line":62,"column":84}},"28":{"start":{"line":63,"column":4},"end":{"line":65,"column":5}},"29":{"start":{"line":64,"column":6},"end":{"line":64,"column":70}},"30":{"start":{"line":67,"column":4},"end":{"line":67,"column":24}},"31":{"start":{"line":69,"column":4},"end":{"line":69,"column":64}},"32":{"start":{"line":54,"column":13},"end":{"line":54,"column":31}},"33":{"start":{"line":76,"column":31},"end":{"line":93,"column":1}},"34":{"start":{"line":77,"column":2},"end":{"line":92,"column":3}},"35":{"start":{"line":78,"column":19},"end":{"line":78,"column":29}},"36":{"start":{"line":80,"column":4},"end":{"line":82,"column":5}},"37":{"start":{"line":81,"column":6},"end":{"line":81,"column":68}},"38":{"start":{"line":84,"column":22},"end":{"line":84,"column":59}},"39":{"start":{"line":85,"column":4},"end":{"line":87,"column":5}},"40":{"start":{"line":86,"column":6},"end":{"line":86,"column":70}},"41":{"start":{"line":89,"column":4},"end":{"line":89,"column":60}},"42":{"start":{"line":91,"column":4},"end":{"line":91,"column":64}},"43":{"start":{"line":76,"column":13},"end":{"line":76,"column":31}}},"fnMap":{"0":{"name":"(anonymous_0)","decl":{"start":{"line":8,"column":31},"end":{"line":8,"column":36}},"loc":{"start":{"line":8,"column":69},"end":{"line":27,"column":1}}},"1":{"name":"(anonymous_1)","decl":{"start":{"line":32,"column":32},"end":{"line":32,"column":37}},"loc":{"start":{"line":32,"column":70},"end":{"line":49,"column":1}}},"2":{"name":"(anonymous_2)","decl":{"start":{"line":54,"column":31},"end":{"line":54,"column":36}},"loc":{"start":{"line":54,"column":69},"end":{"line":71,"column":1}}},"3":{"name":"(anonymous_3)","decl":{"start":{"line":76,"column":31},"end":{"line":76,"column":36}},"loc":{"start":{"line":76,"column":69},"end":{"line":93,"column":1}}}},"branchMap":{"0":{"loc":{"start":{"line":12,"column":4},"end":{"line":14,"column":5}},"type":"if","locations":[{"start":{"line":12,"column":4},"end":{"line":14,"column":5}},{"start":{},"end":{}}]},"1":{"loc":{"start":{"line":12,"column":8},"end":{"line":12,"column":54}},"type":"binary-expr","locations":[{"start":{"line":12,"column":8},"end":{"line":12,"column":17}},{"start":{"line":12,"column":21},"end":{"line":12,"column":54}}]},"2":{"loc":{"start":{"line":36,"column":4},"end":{"line":38,"column":5}},"type":"if","locations":[{"start":{"line":36,"column":4},"end":{"line":38,"column":5}},{"start":{},"end":{}}]},"3":{"loc":{"start":{"line":41,"column":4},"end":{"line":43,"column":5}},"type":"if","locations":[{"start":{"line":41,"column":4},"end":{"line":43,"column":5}},{"start":{},"end":{}}]},"4":{"loc":{"start":{"line":58,"column":4},"end":{"line":60,"column":5}},"type":"if","locations":[{"start":{"line":58,"column":4},"end":{"line":60,"column":5}},{"start":{},"end":{}}]},"5":{"loc":{"start":{"line":63,"column":4},"end":{"line":65,"column":5}},"type":"if","locations":[{"start":{"line":63,"column":4},"end":{"line":65,"column":5}},{"start":{},"end":{}}]},"6":{"loc":{"start":{"line":80,"column":4},"end":{"line":82,"column":5}},"type":"if","locations":[{"start":{"line":80,"column":4},"end":{"line":82,"column":5}},{"start":{},"end":{}}]},"7":{"loc":{"start":{"line":85,"column":4},"end":{"line":87,"column":5}},"type":"if","locations":[{"start":{"line":85,"column":4},"end":{"line":87,"column":5}},{"start":{},"end":{}}]}},"s":{"0":7,"1":7,"2":7,"3":2,"4":2,"5":2,"6":1,"7":1,"8":1,"9":0,"10":7,"11":7,"12":2,"13":2,"14":2,"15":0,"16":2,"17":2,"18":1,"19":1,"20":0,"21":7,"22":7,"23":2,"24":2,"25":2,"26":0,"27":2,"28":2,"29":1,"30":1,"31":0,"32":7,"33":7,"34":2,"35":2,"36":2,"37":0,"38":2,"39":2,"40":1,"41":1,"42":0,"43":7},"f":{"0":2,"1":2,"2":2,"3":2},"b":{"0":[1,1],"1":[2,2],"2":[0,2],"3":[1,1],"4":[0,2],"5":[1,1],"6":[0,2],"7":[1,1]}}
,"/home/subhranshus/Projects/MERN/Assignments/assignment10/dam_backend/src/controllers/asset.controller.ts": {"path":"/home/subhranshus/Projects/MERN/Assignments/assignment10/dam_backend/src/controllers/asset.controller.ts","statementMap":{"0":{"start":{"line":2,"column":0},"end":{"line":2,"column":40}},"1":{"start":{"line":8,"column":27},"end":{"line":15,"column":1}},"2":{"start":{"line":9,"column":2},"end":{"line":14,"column":3}},"3":{"start":{"line":10,"column":18},"end":{"line":10,"column":46}},"4":{"start":{"line":11,"column":4},"end":{"line":11,"column":32}},"5":{"start":{"line":13,"column":4},"end":{"line":13,"column":62}},"6":{"start":{"line":8,"column":13},"end":{"line":8,"column":27}},"7":{"start":{"line":21,"column":25},"end":{"line":28,"column":1}},"8":{"start":{"line":22,"column":2},"end":{"line":27,"column":3}},"9":{"start":{"line":23,"column":19},"end":{"line":23,"column":37}},"10":{"start":{"line":24,"column":4},"end":{"line":24,"column":21}},"11":{"start":{"line":26,"column":4},"end":{"line":26,"column":62}},"12":{"start":{"line":21,"column":13},"end":{"line":21,"column":25}},"13":{"start":{"line":34,"column":28},"end":{"line":44,"column":1}},"14":{"start":{"line":35,"column":2},"end":{"line":43,"column":3}},"15":{"start":{"line":36,"column":18},"end":{"line":36,"column":53}},"16":{"start":{"line":37,"column":4},"end":{"line":39,"column":5}},"17":{"start":{"line":38,"column":6},"end":{"line":38,"column":64}},"18":{"start":{"line":40,"column":4},"end":{"line":40,"column":20}},"19":{"start":{"line":42,"column":4},"end":{"line":42,"column":62}},"20":{"start":{"line":34,"column":13},"end":{"line":34,"column":28}},"21":{"start":{"line":50,"column":27},"end":{"line":62,"column":1}},"22":{"start":{"line":51,"column":2},"end":{"line":61,"column":3}},"23":{"start":{"line":52,"column":18},"end":{"line":54,"column":6}},"24":{"start":{"line":55,"column":4},"end":{"line":57,"column":5}},"25":{"start":{"line":56,"column":6},"end":{"line":56,"column":64}},"26":{"start":{"line":58,"column":4},"end":{"line":58,"column":20}},"27":{"start":{"line":60,"column":4},"end":{"line":60,"column":62}},"28":{"start":{"line":50,"column":13},"end":{"line":50,"column":27}},"29":{"start":{"line":68,"column":27},"end":{"line":78,"column":1}},"30":{"start":{"line":69,"column":2},"end":{"line":77,"column":3}},"31":{"start":{"line":70,"column":18},"end":{"line":70,"column":62}},"32":{"start":{"line":71,"column":4},"end":{"line":73,"column":5}},"33":{"start":{"line":72,"column":6},"end":{"line":72,"column":64}},"34":{"start":{"line":74,"column":4},"end":{"line":74,"column":43}},"35":{"start":{"line":76,"column":4},"end":{"line":76,"column":62}},"36":{"start":{"line":68,"column":13},"end":{"line":68,"column":27}}},"fnMap":{"0":{"name":"(anonymous_0)","decl":{"start":{"line":8,"column":27},"end":{"line":8,"column":32}},"loc":{"start":{"line":8,"column":65},"end":{"line":15,"column":1}}},"1":{"name":"(anonymous_1)","decl":{"start":{"line":21,"column":25},"end":{"line":21,"column":30}},"loc":{"start":{"line":21,"column":64},"end":{"line":28,"column":1}}},"2":{"name":"(anonymous_2)","decl":{"start":{"line":34,"column":28},"end":{"line":34,"column":33}},"loc":{"start":{"line":34,"column":66},"end":{"line":44,"column":1}}},"3":{"name":"(anonymous_3)","decl":{"start":{"line":50,"column":27},"end":{"line":50,"column":32}},"loc":{"start":{"line":50,"column":65},"end":{"line":62,"column":1}}},"4":{"name":"(anonymous_4)","decl":{"start":{"line":68,"column":27},"end":{"line":68,"column":32}},"loc":{"start":{"line":68,"column":65},"end":{"line":78,"column":1}}}},"branchMap":{"0":{"loc":{"start":{"line":37,"column":4},"end":{"line":39,"column":5}},"type":"if","locations":[{"start":{"line":37,"column":4},"end":{"line":39,"column":5}},{"start":{},"end":{}}]},"1":{"loc":{"start":{"line":55,"column":4},"end":{"line":57,"column":5}},"type":"if","locations":[{"start":{"line":55,"column":4},"end":{"line":57,"column":5}},{"start":{},"end":{}}]},"2":{"loc":{"start":{"line":71,"column":4},"end":{"line":73,"column":5}},"type":"if","locations":[{"start":{"line":71,"column":4},"end":{"line":73,"column":5}},{"start":{},"end":{}}]}},"s":{"0":7,"1":7,"2":2,"3":2,"4":1,"5":1,"6":7,"7":7,"8":0,"9":0,"10":0,"11":0,"12":7,"13":7,"14":2,"15":2,"16":2,"17":1,"18":1,"19":0,"20":7,"21":7,"22":2,"23":2,"24":2,"25":1,"26":1,"27":0,"28":7,"29":7,"30":2,"31":2,"32":2,"33":1,"34":1,"35":0,"36":7},"f":{"0":2,"1":0,"2":2,"3":2,"4":2},"b":{"0":[1,1],"1":[1,1],"2":[1,1]}}
,"/home/subhranshus/Projects/MERN/Assignments/assignment10/dam_backend/src/controllers/assetTag.controller.ts": {"path":"/home/subhranshus/Projects/MERN/Assignments/assignment10/dam_backend/src/controllers/assetTag.controller.ts","statementMap":{"0":{"start":{"line":2,"column":0},"end":{"line":2,"column":46}},"1":{"start":{"line":8,"column":30},"end":{"line":15,"column":1}},"2":{"start":{"line":9,"column":2},"end":{"line":14,"column":3}},"3":{"start":{"line":10,"column":21},"end":{"line":10,"column":52}},"4":{"start":{"line":11,"column":4},"end":{"line":11,"column":35}},"5":{"start":{"line":13,"column":4},"end":{"line":13,"column":72}},"6":{"start":{"line":8,"column":13},"end":{"line":8,"column":30}},"7":{"start":{"line":21,"column":31},"end":{"line":28,"column":1}},"8":{"start":{"line":22,"column":2},"end":{"line":27,"column":3}},"9":{"start":{"line":23,"column":22},"end":{"line":23,"column":71}},"10":{"start":{"line":24,"column":4},"end":{"line":24,"column":36}},"11":{"start":{"line":26,"column":4},"end":{"line":26,"column":73}},"12":{"start":{"line":21,"column":13},"end":{"line":21,"column":31}},"13":{"start":{"line":34,"column":31},"end":{"line":44,"column":1}},"14":{"start":{"line":35,"column":2},"end":{"line":43,"column":3}},"15":{"start":{"line":36,"column":21},"end":{"line":36,"column":87}},"16":{"start":{"line":37,"column":4},"end":{"line":39,"column":5}},"17":{"start":{"line":38,"column":6},"end":{"line":38,"column":69}},"18":{"start":{"line":40,"column":4},"end":{"line":40,"column":35}},"19":{"start":{"line":42,"column":4},"end":{"line":42,"column":72}},"20":{"start":{"line":34,"column":13},"end":{"line":34,"column":31}},"21":{"start":{"line":50,"column":30},"end":{"line":60,"column":1}},"22":{"start":{"line":51,"column":2},"end":{"line":59,"column":3}},"23":{"start":{"line":52,"column":20},"end":{"line":52,"column":67}},"24":{"start":{"line":53,"column":4},"end":{"line":55,"column":5}},"25":{"start":{"line":54,"column":6},"end":{"line":54,"column":69}},"26":{"start":{"line":56,"column":4},"end":{"line":56,"column":71}},"27":{"start":{"line":58,"column":4},"end":{"line":58,"column":72}},"28":{"start":{"line":50,"column":13},"end":{"line":50,"column":30}}},"fnMap":{"0":{"name":"(anonymous_0)","decl":{"start":{"line":8,"column":30},"end":{"line":8,"column":35}},"loc":{"start":{"line":8,"column":68},"end":{"line":15,"column":1}}},"1":{"name":"(anonymous_1)","decl":{"start":{"line":21,"column":31},"end":{"line":21,"column":36}},"loc":{"start":{"line":21,"column":70},"end":{"line":28,"column":1}}},"2":{"name":"(anonymous_2)","decl":{"start":{"line":34,"column":31},"end":{"line":34,"column":36}},"loc":{"start":{"line":34,"column":69},"end":{"line":44,"column":1}}},"3":{"name":"(anonymous_3)","decl":{"start":{"line":50,"column":30},"end":{"line":50,"column":35}},"loc":{"start":{"line":50,"column":68},"end":{"line":60,"column":1}}}},"branchMap":{"0":{"loc":{"start":{"line":37,"column":4},"end":{"line":39,"column":5}},"type":"if","locations":[{"start":{"line":37,"column":4},"end":{"line":39,"column":5}},{"start":{},"end":{}}]},"1":{"loc":{"start":{"line":53,"column":4},"end":{"line":55,"column":5}},"type":"if","locations":[{"start":{"line":53,"column":4},"end":{"line":55,"column":5}},{"start":{},"end":{}}]}},"s":{"0":7,"1":7,"2":2,"3":2,"4":1,"5":1,"6":7,"7":7,"8":1,"9":1,"10":1,"11":0,"12":7,"13":7,"14":2,"15":2,"16":2,"17":1,"18":1,"19":0,"20":7,"21":7,"22":2,"23":2,"24":2,"25":1,"26":1,"27":0,"28":7},"f":{"0":2,"1":1,"2":2,"3":2},"b":{"0":[1,1],"1":[1,1]}}
,"/home/subhranshus/Projects/MERN/Assignments/assignment10/dam_backend/src/controllers/download.controller.ts": {"path":"/home/subhranshus/Projects/MERN/Assignments/assignment10/dam_backend/src/controllers/download.controller.ts","statementMap":{"0":{"start":{"line":2,"column":0},"end":{"line":2,"column":46}},"1":{"start":{"line":9,"column":30},"end":{"line":16,"column":1}},"2":{"start":{"line":10,"column":2},"end":{"line":15,"column":3}},"3":{"start":{"line":11,"column":21},"end":{"line":11,"column":52}},"4":{"start":{"line":12,"column":4},"end":{"line":12,"column":35}},"5":{"start":{"line":14,"column":4},"end":{"line":14,"column":64}},"6":{"start":{"line":9,"column":13},"end":{"line":9,"column":30}},"7":{"start":{"line":23,"column":28},"end":{"line":30,"column":1}},"8":{"start":{"line":24,"column":2},"end":{"line":29,"column":3}},"9":{"start":{"line":25,"column":22},"end":{"line":25,"column":72}},"10":{"start":{"line":26,"column":4},"end":{"line":26,"column":36}},"11":{"start":{"line":28,"column":4},"end":{"line":28,"column":64}},"12":{"start":{"line":23,"column":13},"end":{"line":23,"column":28}},"13":{"start":{"line":37,"column":31},"end":{"line":47,"column":1}},"14":{"start":{"line":38,"column":2},"end":{"line":46,"column":3}},"15":{"start":{"line":39,"column":21},"end":{"line":39,"column":88}},"16":{"start":{"line":40,"column":4},"end":{"line":42,"column":5}},"17":{"start":{"line":41,"column":6},"end":{"line":41,"column":69}},"18":{"start":{"line":43,"column":4},"end":{"line":43,"column":35}},"19":{"start":{"line":45,"column":4},"end":{"line":45,"column":64}},"20":{"start":{"line":37,"column":13},"end":{"line":37,"column":31}},"21":{"start":{"line":54,"column":30},"end":{"line":66,"column":1}},"22":{"start":{"line":55,"column":2},"end":{"line":65,"column":3}},"23":{"start":{"line":56,"column":21},"end":{"line":58,"column":6}},"24":{"start":{"line":59,"column":4},"end":{"line":61,"column":5}},"25":{"start":{"line":60,"column":6},"end":{"line":60,"column":69}},"26":{"start":{"line":62,"column":4},"end":{"line":62,"column":35}},"27":{"start":{"line":64,"column":4},"end":{"line":64,"column":64}},"28":{"start":{"line":54,"column":13},"end":{"line":54,"column":30}},"29":{"start":{"line":73,"column":30},"end":{"line":83,"column":1}},"30":{"start":{"line":74,"column":2},"end":{"line":82,"column":3}},"31":{"start":{"line":75,"column":21},"end":{"line":75,"column":68}},"32":{"start":{"line":76,"column":4},"end":{"line":78,"column":5}},"33":{"start":{"line":77,"column":6},"end":{"line":77,"column":69}},"34":{"start":{"line":79,"column":4},"end":{"line":79,"column":71}},"35":{"start":{"line":81,"column":4},"end":{"line":81,"column":64}},"36":{"start":{"line":73,"column":13},"end":{"line":73,"column":30}}},"fnMap":{"0":{"name":"(anonymous_0)","decl":{"start":{"line":9,"column":30},"end":{"line":9,"column":35}},"loc":{"start":{"line":9,"column":68},"end":{"line":16,"column":1}}},"1":{"name":"(anonymous_1)","decl":{"start":{"line":23,"column":28},"end":{"line":23,"column":33}},"loc":{"start":{"line":23,"column":67},"end":{"line":30,"column":1}}},"2":{"name":"(anonymous_2)","decl":{"start":{"line":37,"column":31},"end":{"line":37,"column":36}},"loc":{"start":{"line":37,"column":69},"end":{"line":47,"column":1}}},"3":{"name":"(anonymous_3)","decl":{"start":{"line":54,"column":30},"end":{"line":54,"column":35}},"loc":{"start":{"line":54,"column":68},"end":{"line":66,"column":1}}},"4":{"name":"(anonymous_4)","decl":{"start":{"line":73,"column":30},"end":{"line":73,"column":35}},"loc":{"start":{"line":73,"column":68},"end":{"line":83,"column":1}}}},"branchMap":{"0":{"loc":{"start":{"line":40,"column":4},"end":{"line":42,"column":5}},"type":"if","locations":[{"start":{"line":40,"column":4},"end":{"line":42,"column":5}},{"start":{},"end":{}}]},"1":{"loc":{"start":{"line":59,"column":4},"end":{"line":61,"column":5}},"type":"if","locations":[{"start":{"line":59,"column":4},"end":{"line":61,"column":5}},{"start":{},"end":{}}]},"2":{"loc":{"start":{"line":76,"column":4},"end":{"line":78,"column":5}},"type":"if","locations":[{"start":{"line":76,"column":4},"end":{"line":78,"column":5}},{"start":{},"end":{}}]}},"s":{"0":7,"1":7,"2":2,"3":2,"4":1,"5":1,"6":7,"7":7,"8":0,"9":0,"10":0,"11":0,"12":7,"13":7,"14":2,"15":2,"16":2,"17":1,"18":1,"19":0,"20":7,"21":7,"22":2,"23":2,"24":2,"25":1,"26":1,"27":0,"28":7,"29":7,"30":2,"31":2,"32":2,"33":1,"34":1,"35":0,"36":7},"f":{"0":2,"1":0,"2":2,"3":2,"4":2},"b":{"0":[1,1],"1":[1,1],"2":[1,1]}}
,"/home/subhranshus/Projects/MERN/Assignments/assignment10/dam_backend/src/controllers/processingJobController.ts": {"path":"/home/subhranshus/Projects/MERN/Assignments/assignment10/dam_backend/src/controllers/processingJobController.ts","statementMap":{"0":{"start":{"line":2,"column":0},"end":{"line":2,"column":32}},"1":{"start":{"line":3,"column":0},"end":{"line":3,"column":56}},"2":{"start":{"line":8,"column":35},"end":{"line":28,"column":1}},"3":{"start":{"line":9,"column":2},"end":{"line":27,"column":3}},"4":{"start":{"line":10,"column":68},"end":{"line":10,"column":76}},"5":{"start":{"line":12,"column":4},"end":{"line":14,"column":5}},"6":{"start":{"line":13,"column":6},"end":{"line":13,"column":67}},"7":{"start":{"line":16,"column":16},"end":{"line":22,"column":6}},"8":{"start":{"line":24,"column":4},"end":{"line":24,"column":30}},"9":{"start":{"line":26,"column":4},"end":{"line":26,"column":85}},"10":{"start":{"line":8,"column":13},"end":{"line":8,"column":35}},"11":{"start":{"line":33,"column":33},"end":{"line":36,"column":1}},"12":{"start":{"line":34,"column":15},"end":{"line":34,"column":48}},"13":{"start":{"line":35,"column":2},"end":{"line":35,"column":17}},"14":{"start":{"line":33,"column":13},"end":{"line":33,"column":33}},"15":{"start":{"line":41,"column":36},"end":{"line":49,"column":1}},"16":{"start":{"line":42,"column":17},"end":{"line":42,"column":27}},"17":{"start":{"line":43,"column":2},"end":{"line":43,"column":92}},"18":{"start":{"line":43,"column":37},"end":{"line":43,"column":92}},"19":{"start":{"line":45,"column":14},"end":{"line":45,"column":53}},"20":{"start":{"line":46,"column":2},"end":{"line":46,"column":81}},"21":{"start":{"line":46,"column":12},"end":{"line":46,"column":81}},"22":{"start":{"line":48,"column":2},"end":{"line":48,"column":16}},"23":{"start":{"line":41,"column":13},"end":{"line":41,"column":36}},"24":{"start":{"line":54,"column":35},"end":{"line":62,"column":1}},"25":{"start":{"line":55,"column":17},"end":{"line":55,"column":27}},"26":{"start":{"line":56,"column":2},"end":{"line":56,"column":92}},"27":{"start":{"line":56,"column":37},"end":{"line":56,"column":92}},"28":{"start":{"line":58,"column":18},"end":{"line":58,"column":91}},"29":{"start":{"line":59,"column":2},"end":{"line":59,"column":85}},"30":{"start":{"line":59,"column":16},"end":{"line":59,"column":85}},"31":{"start":{"line":61,"column":2},"end":{"line":61,"column":20}},"32":{"start":{"line":54,"column":13},"end":{"line":54,"column":35}},"33":{"start":{"line":67,"column":35},"end":{"line":75,"column":1}},"34":{"start":{"line":68,"column":17},"end":{"line":68,"column":27}},"35":{"start":{"line":69,"column":2},"end":{"line":69,"column":92}},"36":{"start":{"line":69,"column":37},"end":{"line":69,"column":92}},"37":{"start":{"line":71,"column":18},"end":{"line":71,"column":66}},"38":{"start":{"line":72,"column":2},"end":{"line":72,"column":85}},"39":{"start":{"line":72,"column":16},"end":{"line":72,"column":85}},"40":{"start":{"line":74,"column":2},"end":{"line":74,"column":63}},"41":{"start":{"line":67,"column":13},"end":{"line":67,"column":35}}},"fnMap":{"0":{"name":"(anonymous_1)","decl":{"start":{"line":8,"column":35},"end":{"line":8,"column":40}},"loc":{"start":{"line":8,"column":73},"end":{"line":28,"column":1}}},"1":{"name":"(anonymous_2)","decl":{"start":{"line":33,"column":33},"end":{"line":33,"column":38}},"loc":{"start":{"line":33,"column":72},"end":{"line":36,"column":1}}},"2":{"name":"(anonymous_3)","decl":{"start":{"line":41,"column":36},"end":{"line":41,"column":41}},"loc":{"start":{"line":41,"column":74},"end":{"line":49,"column":1}}},"3":{"name":"(anonymous_4)","decl":{"start":{"line":54,"column":35},"end":{"line":54,"column":40}},"loc":{"start":{"line":54,"column":73},"end":{"line":62,"column":1}}},"4":{"name":"(anonymous_5)","decl":{"start":{"line":67,"column":35},"end":{"line":67,"column":40}},"loc":{"start":{"line":67,"column":73},"end":{"line":75,"column":1}}}},"branchMap":{"0":{"loc":{"start":{"line":12,"column":4},"end":{"line":14,"column":5}},"type":"if","locations":[{"start":{"line":12,"column":4},"end":{"line":14,"column":5}},{"start":{},"end":{}}]},"1":{"loc":{"start":{"line":43,"column":2},"end":{"line":43,"column":92}},"type":"if","locations":[{"start":{"line":43,"column":2},"end":{"line":43,"column":92}},{"start":{},"end":{}}]},"2":{"loc":{"start":{"line":46,"column":2},"end":{"line":46,"column":81}},"type":"if","locations":[{"start":{"line":46,"column":2},"end":{"line":46,"column":81}},{"start":{},"end":{}}]},"3":{"loc":{"start":{"line":56,"column":2},"end":{"line":56,"column":92}},"type":"if","locations":[{"start":{"line":56,"column":2},"end":{"line":56,"column":92}},{"start":{},"end":{}}]},"4":{"loc":{"start":{"line":59,"column":2},"end":{"line":59,"column":85}},"type":"if","locations":[{"start":{"line":59,"column":2},"end":{"line":59,"column":85}},{"start":{},"end":{}}]},"5":{"loc":{"start":{"line":69,"column":2},"end":{"line":69,"column":92}},"type":"if","locations":[{"start":{"line":69,"column":2},"end":{"line":69,"column":92}},{"start":{},"end":{}}]},"6":{"loc":{"start":{"line":72,"column":2},"end":{"line":72,"column":85}},"type":"if","locations":[{"start":{"line":72,"column":2},"end":{"line":72,"column":85}},{"start":{},"end":{}}]}},"s":{"0":7,"1":7,"2":7,"3":2,"4":2,"5":2,"6":1,"7":1,"8":1,"9":0,"10":7,"11":7,"12":0,"13":0,"14":7,"15":7,"16":2,"17":2,"18":0,"19":2,"20":2,"21":1,"22":1,"23":7,"24":7,"25":2,"26":2,"27":0,"28":2,"29":2,"30":1,"31":1,"32":7,"33":7,"34":2,"35":2,"36":0,"37":2,"38":2,"39":1,"40":1,"41":7},"f":{"0":2,"1":0,"2":2,"3":2,"4":2},"b":{"0":[1,1],"1":[0,2],"2":[1,1],"3":[0,2],"4":[1,1],"5":[0,2],"6":[1,1]}}
,"/home/subhranshus/Projects/MERN/Assignments/assignment10/dam_backend/src/controllers/tag.controller.ts": {"path":"/home/subhranshus/Projects/MERN/Assignments/assignment10/dam_backend/src/controllers/tag.controller.ts","statementMap":{"0":{"start":{"line":2,"column":0},"end":{"line":2,"column":36}},"1":{"start":{"line":8,"column":25},"end":{"line":28,"column":1}},"2":{"start":{"line":9,"column":2},"end":{"line":27,"column":3}},"3":{"start":{"line":10,"column":21},"end":{"line":10,"column":29}},"4":{"start":{"line":12,"column":4},"end":{"line":14,"column":5}},"5":{"start":{"line":13,"column":6},"end":{"line":13,"column":71}},"6":{"start":{"line":16,"column":21},"end":{"line":16,"column":48}},"7":{"start":{"line":17,"column":4},"end":{"line":19,"column":5}},"8":{"start":{"line":18,"column":6},"end":{"line":18,"column":69}},"9":{"start":{"line":21,"column":16},"end":{"line":21,"column":33}},"10":{"start":{"line":22,"column":4},"end":{"line":22,"column":21}},"11":{"start":{"line":24,"column":4},"end":{"line":24,"column":30}},"12":{"start":{"line":26,"column":4},"end":{"line":26,"column":67}},"13":{"start":{"line":8,"column":13},"end":{"line":8,"column":25}},"14":{"start":{"line":34,"column":26},"end":{"line":41,"column":1}},"15":{"start":{"line":35,"column":2},"end":{"line":40,"column":3}},"16":{"start":{"line":36,"column":17},"end":{"line":36,"column":33}},"17":{"start":{"line":37,"column":4},"end":{"line":37,"column":19}},"18":{"start":{"line":39,"column":4},"end":{"line":39,"column":68}},"19":{"start":{"line":34,"column":13},"end":{"line":34,"column":26}},"20":{"start":{"line":47,"column":26},"end":{"line":57,"column":1}},"21":{"start":{"line":48,"column":2},"end":{"line":56,"column":3}},"22":{"start":{"line":49,"column":16},"end":{"line":49,"column":49}},"23":{"start":{"line":50,"column":4},"end":{"line":52,"column":5}},"24":{"start":{"line":51,"column":6},"end":{"line":51,"column":64}},"25":{"start":{"line":53,"column":4},"end":{"line":53,"column":18}},"26":{"start":{"line":55,"column":4},"end":{"line":55,"column":67}},"27":{"start":{"line":47,"column":13},"end":{"line":47,"column":26}},"28":{"start":{"line":63,"column":25},"end":{"line":73,"column":1}},"29":{"start":{"line":64,"column":2},"end":{"line":72,"column":3}},"30":{"start":{"line":65,"column":20},"end":{"line":65,"column":62}},"31":{"start":{"line":66,"column":4},"end":{"line":68,"column":5}},"32":{"start":{"line":67,"column":6},"end":{"line":67,"column":64}},"33":{"start":{"line":69,"column":4},"end":{"line":69,"column":41}},"34":{"start":{"line":71,"column":4},"end":{"line":71,"column":67}},"35":{"start":{"line":63,"column":13},"end":{"line":63,"column":25}}},"fnMap":{"0":{"name":"(anonymous_0)","decl":{"start":{"line":8,"column":25},"end":{"line":8,"column":30}},"loc":{"start":{"line":8,"column":63},"end":{"line":28,"column":1}}},"1":{"name":"(anonymous_1)","decl":{"start":{"line":34,"column":26},"end":{"line":34,"column":31}},"loc":{"start":{"line":34,"column":65},"end":{"line":41,"column":1}}},"2":{"name":"(anonymous_2)","decl":{"start":{"line":47,"column":26},"end":{"line":47,"column":31}},"loc":{"start":{"line":47,"column":64},"end":{"line":57,"column":1}}},"3":{"name":"(anonymous_3)","decl":{"start":{"line":63,"column":25},"end":{"line":63,"column":30}},"loc":{"start":{"line":63,"column":63},"end":{"line":73,"column":1}}}},"branchMap":{"0":{"loc":{"start":{"line":12,"column":4},"end":{"line":14,"column":5}},"type":"if","locations":[{"start":{"line":12,"column":4},"end":{"line":14,"column":5}},{"start":{},"end":{}}]},"1":{"loc":{"start":{"line":17,"column":4},"end":{"line":19,"column":5}},"type":"if","locations":[{"start":{"line":17,"column":4},"end":{"line":19,"column":5}},{"start":{},"end":{}}]},"2":{"loc":{"start":{"line":50,"column":4},"end":{"line":52,"column":5}},"type":"if","locations":[{"start":{"line":50,"column":4},"end":{"line":52,"column":5}},{"start":{},"end":{}}]},"3":{"loc":{"start":{"line":66,"column":4},"end":{"line":68,"column":5}},"type":"if","locations":[{"start":{"line":66,"column":4},"end":{"line":68,"column":5}},{"start":{},"end":{}}]}},"s":{"0":7,"1":7,"2":3,"3":3,"4":3,"5":1,"6":2,"7":2,"8":1,"9":1,"10":1,"11":1,"12":0,"13":7,"14":7,"15":1,"16":1,"17":1,"18":0,"19":7,"20":7,"21":2,"22":2,"23":2,"24":1,"25":1,"26":0,"27":7,"28":7,"29":2,"30":2,"31":2,"32":1,"33":1,"34":0,"35":7},"f":{"0":3,"1":1,"2":2,"3":2},"b":{"0":[1,2],"1":[1,1],"2":[1,1],"3":[1,1]}}
,"/home/subhranshus/Projects/MERN/Assignments/assignment10/dam_backend/src/controllers/upload.controller.ts": {"path":"/home/subhranshus/Projects/MERN/Assignments/assignment10/dam_backend/src/controllers/upload.controller.ts","statementMap":{"0":{"start":{"line":2,"column":0},"end":{"line":2,"column":28}},"1":{"start":{"line":3,"column":0},"end":{"line":3,"column":62}},"2":{"start":{"line":5,"column":27},"end":{"line":15,"column":1}},"3":{"start":{"line":6,"column":2},"end":{"line":14,"column":3}},"4":{"start":{"line":7,"column":19},"end":{"line":7,"column":51}},"5":{"start":{"line":9,"column":4},"end":{"line":9,"column":39}},"6":{"start":{"line":10,"column":4},"end":{"line":10,"column":21}},"7":{"start":{"line":12,"column":4},"end":{"line":12,"column":44}},"8":{"start":{"line":13,"column":4},"end":{"line":13,"column":68}},"9":{"start":{"line":5,"column":13},"end":{"line":5,"column":27}}},"fnMap":{"0":{"name":"(anonymous_1)","decl":{"start":{"line":5,"column":27},"end":{"line":5,"column":28}},"loc":{"start":{"line":5,"column":59},"end":{"line":15,"column":1}}}},"branchMap":{},"s":{"0":7,"1":7,"2":7,"3":0,"4":0,"5":0,"6":0,"7":0,"8":0,"9":7},"f":{"0":0},"b":{}}
,"/home/subhranshus/Projects/MERN/Assignments/assignment10/dam_backend/src/controllers/user.controller.ts": {"path":"/home/subhranshus/Projects/MERN/Assignments/assignment10/dam_backend/src/controllers/user.controller.ts","statementMap":{"0":{"start":{"line":2,"column":0},"end":{"line":2,"column":30}},"1":{"start":{"line":3,"column":0},"end":{"line":3,"column":38}},"2":{"start":{"line":4,"column":0},"end":{"line":4,"column":32}},"3":{"start":{"line":12,"column":26},"end":{"line":49,"column":1}},"4":{"start":{"line":13,"column":2},"end":{"line":48,"column":3}},"5":{"start":{"line":14,"column":44},"end":{"line":14,"column":52}},"6":{"start":{"line":16,"column":4},"end":{"line":18,"column":5}},"7":{"start":{"line":17,"column":6},"end":{"line":17,"column":82}},"8":{"start":{"line":20,"column":21},"end":{"line":20,"column":50}},"9":{"start":{"line":21,"column":4},"end":{"line":23,"column":5}},"10":{"start":{"line":22,"column":6},"end":{"line":22,"column":71}},"11":{"start":{"line":25,"column":26},"end":{"line":25,"column":57}},"12":{"start":{"line":27,"column":17},"end":{"line":32,"column":6}},"13":{"start":{"line":34,"column":4},"end":{"line":34,"column":null}},"14":{"start":{"line":36,"column":20},"end":{"line":36,"column":35}},"15":{"start":{"line":37,"column":4},"end":{"line":37,"column":42}},"16":{"start":{"line":39,"column":4},"end":{"line":39,"column":41}},"17":{"start":{"line":41,"column":4},"end":{"line":43,"column":5}},"18":{"start":{"line":42,"column":6},"end":{"line":42,"column":60}},"19":{"start":{"line":44,"column":4},"end":{"line":46,"column":5}},"20":{"start":{"line":45,"column":6},"end":{"line":45,"column":60}},"21":{"start":{"line":47,"column":4},"end":{"line":47,"column":63}},"22":{"start":{"line":12,"column":13},"end":{"line":12,"column":26}},"23":{"start":{"line":55,"column":24},"end":{"line":65,"column":1}},"24":{"start":{"line":56,"column":2},"end":{"line":64,"column":3}},"25":{"start":{"line":57,"column":18},"end":{"line":57,"column":60}},"26":{"start":{"line":58,"column":4},"end":{"line":58,"column":27}},"27":{"start":{"line":60,"column":4},"end":{"line":62,"column":5}},"28":{"start":{"line":61,"column":6},"end":{"line":61,"column":60}},"29":{"start":{"line":63,"column":4},"end":{"line":63,"column":63}},"30":{"start":{"line":55,"column":13},"end":{"line":55,"column":24}},"31":{"start":{"line":71,"column":27},"end":{"line":83,"column":1}},"32":{"start":{"line":72,"column":2},"end":{"line":82,"column":3}},"33":{"start":{"line":73,"column":19},"end":{"line":73,"column":29}},"34":{"start":{"line":74,"column":17},"end":{"line":74,"column":65}},"35":{"start":{"line":75,"column":4},"end":{"line":75,"column":74}},"36":{"start":{"line":75,"column":15},"end":{"line":75,"column":74}},"37":{"start":{"line":76,"column":4},"end":{"line":76,"column":26}},"38":{"start":{"line":78,"column":4},"end":{"line":80,"column":5}},"39":{"start":{"line":79,"column":6},"end":{"line":79,"column":60}},"40":{"start":{"line":81,"column":4},"end":{"line":81,"column":63}},"41":{"start":{"line":71,"column":13},"end":{"line":71,"column":27}},"42":{"start":{"line":90,"column":26},"end":{"line":117,"column":1}},"43":{"start":{"line":91,"column":2},"end":{"line":116,"column":3}},"44":{"start":{"line":92,"column":19},"end":{"line":92,"column":29}},"45":{"start":{"line":93,"column":19},"end":{"line":93,"column":61}},"46":{"start":{"line":95,"column":4},"end":{"line":98,"column":5}},"47":{"start":{"line":96,"column":6},"end":{"line":96,"column":68}},"48":{"start":{"line":97,"column":6},"end":{"line":97,"column":29}},"49":{"start":{"line":100,"column":20},"end":{"line":100,"column":100}},"50":{"start":{"line":101,"column":4},"end":{"line":101,"column":77}},"51":{"start":{"line":101,"column":18},"end":{"line":101,"column":77}},"52":{"start":{"line":103,"column":4},"end":{"line":103,"column":null}},"53":{"start":{"line":104,"column":4},"end":{"line":104,"column":29}},"54":{"start":{"line":106,"column":4},"end":{"line":108,"column":5}},"55":{"start":{"line":107,"column":6},"end":{"line":107,"column":60}},"56":{"start":{"line":109,"column":4},"end":{"line":111,"column":5}},"57":{"start":{"line":110,"column":6},"end":{"line":110,"column":71}},"58":{"start":{"line":112,"column":4},"end":{"line":114,"column":5}},"59":{"start":{"line":113,"column":6},"end":{"line":113,"column":60}},"60":{"start":{"line":115,"column":4},"end":{"line":115,"column":63}},"61":{"start":{"line":90,"column":13},"end":{"line":90,"column":26}},"62":{"start":{"line":123,"column":26},"end":{"line":135,"column":1}},"63":{"start":{"line":124,"column":2},"end":{"line":134,"column":3}},"64":{"start":{"line":125,"column":19},"end":{"line":125,"column":29}},"65":{"start":{"line":126,"column":16},"end":{"line":126,"column":48}},"66":{"start":{"line":127,"column":4},"end":{"line":127,"column":73}},"67":{"start":{"line":127,"column":14},"end":{"line":127,"column":73}},"68":{"start":{"line":128,"column":4},"end":{"line":128,"column":61}},"69":{"start":{"line":130,"column":4},"end":{"line":132,"column":5}},"70":{"start":{"line":131,"column":6},"end":{"line":131,"column":60}},"71":{"start":{"line":133,"column":4},"end":{"line":133,"column":63}},"72":{"start":{"line":123,"column":13},"end":{"line":123,"column":26}}},"fnMap":{"0":{"name":"(anonymous_1)","decl":{"start":{"line":12,"column":26},"end":{"line":12,"column":31}},"loc":{"start":{"line":12,"column":64},"end":{"line":49,"column":1}}},"1":{"name":"(anonymous_2)","decl":{"start":{"line":55,"column":24},"end":{"line":55,"column":29}},"loc":{"start":{"line":55,"column":63},"end":{"line":65,"column":1}}},"2":{"name":"(anonymous_3)","decl":{"start":{"line":71,"column":27},"end":{"line":71,"column":32}},"loc":{"start":{"line":71,"column":65},"end":{"line":83,"column":1}}},"3":{"name":"(anonymous_4)","decl":{"start":{"line":90,"column":26},"end":{"line":90,"column":31}},"loc":{"start":{"line":90,"column":64},"end":{"line":117,"column":1}}},"4":{"name":"(anonymous_5)","decl":{"start":{"line":123,"column":26},"end":{"line":123,"column":31}},"loc":{"start":{"line":123,"column":64},"end":{"line":135,"column":1}}}},"branchMap":{"0":{"loc":{"start":{"line":16,"column":4},"end":{"line":18,"column":5}},"type":"if","locations":[{"start":{"line":16,"column":4},"end":{"line":18,"column":5}},{"start":{},"end":{}}]},"1":{"loc":{"start":{"line":16,"column":8},"end":{"line":16,"column":27}},"type":"binary-expr","locations":[{"start":{"line":16,"column":8},"end":{"line":16,"column":14}},{"start":{"line":16,"column":18},"end":{"line":16,"column":27}}]},"2":{"loc":{"start":{"line":21,"column":4},"end":{"line":23,"column":5}},"type":"if","locations":[{"start":{"line":21,"column":4},"end":{"line":23,"column":5}},{"start":{},"end":{}}]},"3":{"loc":{"start":{"line":41,"column":4},"end":{"line":43,"column":5}},"type":"if","locations":[{"start":{"line":41,"column":4},"end":{"line":43,"column":5}},{"start":{},"end":{}}]},"4":{"loc":{"start":{"line":44,"column":4},"end":{"line":46,"column":5}},"type":"if","locations":[{"start":{"line":44,"column":4},"end":{"line":46,"column":5}},{"start":{},"end":{}}]},"5":{"loc":{"start":{"line":60,"column":4},"end":{"line":62,"column":5}},"type":"if","locations":[{"start":{"line":60,"column":4},"end":{"line":62,"column":5}},{"start":{},"end":{}}]},"6":{"loc":{"start":{"line":75,"column":4},"end":{"line":75,"column":74}},"type":"if","locations":[{"start":{"line":75,"column":4},"end":{"line":75,"column":74}},{"start":{},"end":{}}]},"7":{"loc":{"start":{"line":78,"column":4},"end":{"line":80,"column":5}},"type":"if","locations":[{"start":{"line":78,"column":4},"end":{"line":80,"column":5}},{"start":{},"end":{}}]},"8":{"loc":{"start":{"line":95,"column":4},"end":{"line":98,"column":5}},"type":"if","locations":[{"start":{"line":95,"column":4},"end":{"line":98,"column":5}},{"start":{},"end":{}}]},"9":{"loc":{"start":{"line":101,"column":4},"end":{"line":101,"column":77}},"type":"if","locations":[{"start":{"line":101,"column":4},"end":{"line":101,"column":77}},{"start":{},"end":{}}]},"10":{"loc":{"start":{"line":106,"column":4},"end":{"line":108,"column":5}},"type":"if","locations":[{"start":{"line":106,"column":4},"end":{"line":108,"column":5}},{"start":{},"end":{}}]},"11":{"loc":{"start":{"line":109,"column":4},"end":{"line":111,"column":5}},"type":"if","locations":[{"start":{"line":109,"column":4},"end":{"line":111,"column":5}},{"start":{},"end":{}}]},"12":{"loc":{"start":{"line":109,"column":8},"end":{"line":109,"column":86}},"type":"binary-expr","locations":[{"start":{"line":109,"column":8},"end":{"line":109,"column":11}},{"start":{"line":109,"column":15},"end":{"line":109,"column":38}},{"start":{"line":109,"column":42},"end":{"line":109,"column":55}},{"start":{"line":109,"column":60},"end":{"line":109,"column":86}}]},"13":{"loc":{"start":{"line":112,"column":4},"end":{"line":114,"column":5}},"type":"if","locations":[{"start":{"line":112,"column":4},"end":{"line":114,"column":5}},{"start":{},"end":{}}]},"14":{"loc":{"start":{"line":127,"column":4},"end":{"line":127,"column":73}},"type":"if","locations":[{"start":{"line":127,"column":4},"end":{"line":127,"column":73}},{"start":{},"end":{}}]},"15":{"loc":{"start":{"line":130,"column":4},"end":{"line":132,"column":5}},"type":"if","locations":[{"start":{"line":130,"column":4},"end":{"line":132,"column":5}},{"start":{},"end":{}}]}},"s":{"0":7,"1":7,"2":7,"3":7,"4":4,"5":4,"6":4,"7":2,"8":2,"9":2,"10":1,"11":1,"12":1,"13":1,"14":1,"15":1,"16":1,"17":0,"18":0,"19":0,"20":0,"21":0,"22":7,"23":7,"24":1,"25":1,"26":1,"27":0,"28":0,"29":0,"30":7,"31":7,"32":2,"33":2,"34":2,"35":2,"36":1,"37":1,"38":0,"39":0,"40":0,"41":7,"42":7,"43":2,"44":2,"45":2,"46":2,"47":1,"48":1,"49":2,"50":2,"51":1,"52":1,"53":1,"54":0,"55":0,"56":0,"57":0,"58":0,"59":0,"60":0,"61":7,"62":7,"63":2,"64":2,"65":2,"66":2,"67":1,"68":1,"69":0,"70":0,"71":0,"72":7},"f":{"0":4,"1":1,"2":2,"3":2,"4":2},"b":{"0":[2,2],"1":[4,3],"2":[1,1],"3":[0,0],"4":[0,0],"5":[0,0],"6":[1,1],"7":[0,0],"8":[1,1],"9":[1,1],"10":[0,0],"11":[0,0],"12":[0,0,0,0],"13":[0,0],"14":[1,1],"15":[0,0]}}
,"/home/subhranshus/Projects/MERN/Assignments/assignment10/dam_backend/src/models/Analytics.ts": {"path":"/home/subhranshus/Projects/MERN/Assignments/assignment10/dam_backend/src/models/Analytics.ts","statementMap":{"0":{"start":{"line":1,"column":0},"end":{"line":1,"column":58}},"1":{"start":{"line":10,"column":24},"end":{"line":17,"column":null}},"2":{"start":{"line":20,"column":13},"end":{"line":20,"column":73}}},"fnMap":{},"branchMap":{},"s":{"0":8,"1":8,"2":8},"f":{},"b":{}}
,"/home/subhranshus/Projects/MERN/Assignments/assignment10/dam_backend/src/models/Asset.ts": {"path":"/home/subhranshus/Projects/MERN/Assignments/assignment10/dam_backend/src/models/Asset.ts","statementMap":{"0":{"start":{"line":1,"column":0},"end":{"line":1,"column":58}},"1":{"start":{"line":14,"column":20},"end":{"line":25,"column":null}},"2":{"start":{"line":28,"column":13},"end":{"line":28,"column":57}}},"fnMap":{},"branchMap":{},"s":{"0":12,"1":12,"2":12},"f":{},"b":{}}
,"/home/subhranshus/Projects/MERN/Assignments/assignment10/dam_backend/src/models/AssetTag.ts": {"path":"/home/subhranshus/Projects/MERN/Assignments/assignment10/dam_backend/src/models/AssetTag.ts","statementMap":{"0":{"start":{"line":1,"column":0},"end":{"line":1,"column":58}},"1":{"start":{"line":8,"column":23},"end":{"line":13,"column":null}},"2":{"start":{"line":16,"column":0},"end":{"line":16,"column":67}},"3":{"start":{"line":18,"column":13},"end":{"line":18,"column":69}}},"fnMap":{},"branchMap":{},"s":{"0":8,"1":8,"2":8,"3":8},"f":{},"b":{}}
,"/home/subhranshus/Projects/MERN/Assignments/assignment10/dam_backend/src/models/Download.ts": {"path":"/home/subhranshus/Projects/MERN/Assignments/assignment10/dam_backend/src/models/Download.ts","statementMap":{"0":{"start":{"line":1,"column":0},"end":{"line":1,"column":58}},"1":{"start":{"line":9,"column":23},"end":{"line":15,"column":null}},"2":{"start":{"line":18,"column":13},"end":{"line":18,"column":69}}},"fnMap":{},"branchMap":{},"s":{"0":8,"1":8,"2":8},"f":{},"b":{}}
,"/home/subhranshus/Projects/MERN/Assignments/assignment10/dam_backend/src/models/ProcessingJob.ts": {"path":"/home/subhranshus/Projects/MERN/Assignments/assignment10/dam_backend/src/models/ProcessingJob.ts","statementMap":{"0":{"start":{"line":1,"column":0},"end":{"line":1,"column":58}},"1":{"start":{"line":11,"column":28},"end":{"line":19,"column":null}},"2":{"start":{"line":22,"column":13},"end":{"line":25,"column":2}}},"fnMap":{},"branchMap":{},"s":{"0":8,"1":8,"2":8},"f":{},"b":{}}
,"/home/subhranshus/Projects/MERN/Assignments/assignment10/dam_backend/src/models/Tag.ts": {"path":"/home/subhranshus/Projects/MERN/Assignments/assignment10/dam_backend/src/models/Tag.ts","statementMap":{"0":{"start":{"line":1,"column":0},"end":{"line":1,"column":51}},"1":{"start":{"line":7,"column":18},"end":{"line":11,"column":null}},"2":{"start":{"line":14,"column":13},"end":{"line":14,"column":49}}},"fnMap":{},"branchMap":{},"s":{"0":9,"1":9,"2":9},"f":{},"b":{}}
,"/home/subhranshus/Projects/MERN/Assignments/assignment10/dam_backend/src/models/User.ts": {"path":"/home/subhranshus/Projects/MERN/Assignments/assignment10/dam_backend/src/models/User.ts","statementMap":{"0":{"start":{"line":1,"column":0},"end":{"line":1,"column":51}},"1":{"start":{"line":11,"column":19},"end":{"line":19,"column":null}},"2":{"start":{"line":22,"column":13},"end":{"line":22,"column":53}}},"fnMap":{},"branchMap":{},"s":{"0":13,"1":13,"2":13},"f":{},"b":{}}
,"/home/subhranshus/Projects/MERN/Assignments/assignment10/dam_backend/src/queues/processing.queue.ts": {"path":"/home/subhranshus/Projects/MERN/Assignments/assignment10/dam_backend/src/queues/processing.queue.ts","statementMap":{"0":{"start":{"line":1,"column":0},"end":{"line":1,"column":31}},"1":{"start":{"line":2,"column":0},"end":{"line":2,"column":61}},"2":{"start":{"line":4,"column":13},"end":{"line":6,"column":3}}},"fnMap":{},"branchMap":{},"s":{"0":7,"1":7,"2":7},"f":{},"b":{}}
,"/home/subhranshus/Projects/MERN/Assignments/assignment10/dam_backend/src/routes/analytics.route.ts": {"path":"/home/subhranshus/Projects/MERN/Assignments/assignment10/dam_backend/src/routes/analytics.route.ts","statementMap":{"0":{"start":{"line":1,"column":0},"end":{"line":1,"column":33}},"1":{"start":{"line":2,"column":0},"end":{"line":2,"column":null}},"2":{"start":{"line":9,"column":15},"end":{"line":9,"column":23}},"3":{"start":{"line":11,"column":0},"end":{"line":11,"column":34}},"4":{"start":{"line":12,"column":0},"end":{"line":12,"column":37}},"5":{"start":{"line":13,"column":0},"end":{"line":13,"column":36}},"6":{"start":{"line":14,"column":0},"end":{"line":14,"column":39}},"7":{"start":{"line":16,"column":0},"end":{"line":16,"column":22}}},"fnMap":{},"branchMap":{},"s":{"0":7,"1":7,"2":7,"3":7,"4":7,"5":7,"6":7,"7":7},"f":{},"b":{}}
,"/home/subhranshus/Projects/MERN/Assignments/assignment10/dam_backend/src/routes/asset.routes.ts": {"path":"/home/subhranshus/Projects/MERN/Assignments/assignment10/dam_backend/src/routes/asset.routes.ts","statementMap":{"0":{"start":{"line":1,"column":0},"end":{"line":1,"column":33}},"1":{"start":{"line":2,"column":0},"end":{"line":2,"column":null}},"2":{"start":{"line":10,"column":15},"end":{"line":10,"column":23}},"3":{"start":{"line":12,"column":0},"end":{"line":12,"column":30}},"4":{"start":{"line":13,"column":0},"end":{"line":13,"column":27}},"5":{"start":{"line":14,"column":0},"end":{"line":14,"column":33}},"6":{"start":{"line":15,"column":0},"end":{"line":15,"column":32}},"7":{"start":{"line":16,"column":0},"end":{"line":16,"column":35}},"8":{"start":{"line":18,"column":0},"end":{"line":18,"column":22}}},"fnMap":{},"branchMap":{},"s":{"0":7,"1":7,"2":7,"3":7,"4":7,"5":7,"6":7,"7":7,"8":7},"f":{},"b":{}}
,"/home/subhranshus/Projects/MERN/Assignments/assignment10/dam_backend/src/routes/assetTag.routes.ts": {"path":"/home/subhranshus/Projects/MERN/Assignments/assignment10/dam_backend/src/routes/assetTag.routes.ts","statementMap":{"0":{"start":{"line":1,"column":0},"end":{"line":1,"column":33}},"1":{"start":{"line":2,"column":0},"end":{"line":2,"column":null}},"2":{"start":{"line":9,"column":15},"end":{"line":9,"column":23}},"3":{"start":{"line":17,"column":0},"end":{"line":17,"column":33}},"4":{"start":{"line":18,"column":0},"end":{"line":18,"column":33}},"5":{"start":{"line":19,"column":0},"end":{"line":19,"column":36}},"6":{"start":{"line":20,"column":0},"end":{"line":20,"column":38}},"7":{"start":{"line":22,"column":0},"end":{"line":22,"column":22}}},"fnMap":{},"branchMap":{},"s":{"0":7,"1":7,"2":7,"3":7,"4":7,"5":7,"6":7,"7":7},"f":{},"b":{}}
,"/home/subhranshus/Projects/MERN/Assignments/assignment10/dam_backend/src/routes/download.routes.ts": {"path":"/home/subhranshus/Projects/MERN/Assignments/assignment10/dam_backend/src/routes/download.routes.ts","statementMap":{"0":{"start":{"line":1,"column":0},"end":{"line":1,"column":33}},"1":{"start":{"line":2,"column":0},"end":{"line":2,"column":null}},"2":{"start":{"line":10,"column":15},"end":{"line":10,"column":23}},"3":{"start":{"line":12,"column":0},"end":{"line":12,"column":33}},"4":{"start":{"line":13,"column":0},"end":{"line":13,"column":30}},"5":{"start":{"line":14,"column":0},"end":{"line":14,"column":36}},"6":{"start":{"line":15,"column":0},"end":{"line":15,"column":35}},"7":{"start":{"line":16,"column":0},"end":{"line":16,"column":38}},"8":{"start":{"line":18,"column":0},"end":{"line":18,"column":22}}},"fnMap":{},"branchMap":{},"s":{"0":7,"1":7,"2":7,"3":7,"4":7,"5":7,"6":7,"7":7,"8":7},"f":{},"b":{}}
,"/home/subhranshus/Projects/MERN/Assignments/assignment10/dam_backend/src/routes/processingJob.routes.ts": {"path":"/home/subhranshus/Projects/MERN/Assignments/assignment10/dam_backend/src/routes/processingJob.routes.ts","statementMap":{"0":{"start":{"line":1,"column":0},"end":{"line":1,"column":33}},"1":{"start":{"line":2,"column":0},"end":{"line":2,"column":null}},"2":{"start":{"line":10,"column":15},"end":{"line":10,"column":23}},"3":{"start":{"line":12,"column":0},"end":{"line":12,"column":38}},"4":{"start":{"line":13,"column":0},"end":{"line":13,"column":35}},"5":{"start":{"line":14,"column":0},"end":{"line":14,"column":41}},"6":{"start":{"line":15,"column":0},"end":{"line":15,"column":40}},"7":{"start":{"line":16,"column":0},"end":{"line":16,"column":43}},"8":{"start":{"line":18,"column":0},"end":{"line":18,"column":22}}},"fnMap":{},"branchMap":{},"s":{"0":7,"1":7,"2":7,"3":7,"4":7,"5":7,"6":7,"7":7,"8":7},"f":{},"b":{}}
,"/home/subhranshus/Projects/MERN/Assignments/assignment10/dam_backend/src/routes/tag.routes.ts": {"path":"/home/subhranshus/Projects/MERN/Assignments/assignment10/dam_backend/src/routes/tag.routes.ts","statementMap":{"0":{"start":{"line":1,"column":0},"end":{"line":1,"column":33}},"1":{"start":{"line":2,"column":0},"end":{"line":2,"column":93}},"2":{"start":{"line":4,"column":15},"end":{"line":4,"column":23}},"3":{"start":{"line":14,"column":0},"end":{"line":14,"column":28}},"4":{"start":{"line":15,"column":0},"end":{"line":15,"column":28}},"5":{"start":{"line":25,"column":0},"end":{"line":25,"column":31}},"6":{"start":{"line":26,"column":0},"end":{"line":26,"column":33}},"7":{"start":{"line":28,"column":0},"end":{"line":28,"column":22}}},"fnMap":{},"branchMap":{},"s":{"0":7,"1":7,"2":7,"3":7,"4":7,"5":7,"6":7,"7":7},"f":{},"b":{}}
,"/home/subhranshus/Projects/MERN/Assignments/assignment10/dam_backend/src/routes/upload.routes.ts": {"path":"/home/subhranshus/Projects/MERN/Assignments/assignment10/dam_backend/src/routes/upload.routes.ts","statementMap":{"0":{"start":{"line":1,"column":0},"end":{"line":1,"column":33}},"1":{"start":{"line":2,"column":0},"end":{"line":2,"column":63}},"2":{"start":{"line":4,"column":21},"end":{"line":4,"column":29}},"3":{"start":{"line":6,"column":0},"end":{"line":6,"column":36}},"4":{"start":{"line":8,"column":0},"end":{"line":8,"column":null}}},"fnMap":{},"branchMap":{},"s":{"0":7,"1":7,"2":7,"3":7,"4":7},"f":{},"b":{}}
,"/home/subhranshus/Projects/MERN/Assignments/assignment10/dam_backend/src/routes/user.routes.ts": {"path":"/home/subhranshus/Projects/MERN/Assignments/assignment10/dam_backend/src/routes/user.routes.ts","statementMap":{"0":{"start":{"line":1,"column":0},"end":{"line":1,"column":30}},"1":{"start":{"line":2,"column":0},"end":{"line":2,"column":null}},"2":{"start":{"line":10,"column":15},"end":{"line":10,"column":31}},"3":{"start":{"line":12,"column":0},"end":{"line":12,"column":29}},"4":{"start":{"line":13,"column":0},"end":{"line":13,"column":26}},"5":{"start":{"line":14,"column":0},"end":{"line":14,"column":32}},"6":{"start":{"line":15,"column":0},"end":{"line":15,"column":31}},"7":{"start":{"line":16,"column":0},"end":{"line":16,"column":34}},"8":{"start":{"line":18,"column":0},"end":{"line":18,"column":22}}},"fnMap":{},"branchMap":{},"s":{"0":7,"1":7,"2":7,"3":7,"4":7,"5":7,"6":7,"7":7,"8":7},"f":{},"b":{}}
,"/home/subhranshus/Projects/MERN/Assignments/assignment10/dam_backend/src/services/upload.service.ts": {"path":"/home/subhranshus/Projects/MERN/Assignments/assignment10/dam_backend/src/services/upload.service.ts","statementMap":{"0":{"start":{"line":2,"column":0},"end":{"line":2,"column":57}},"1":{"start":{"line":3,"column":0},"end":{"line":3,"column":61}},"2":{"start":{"line":4,"column":0},"end":{"line":4,"column":36}},"3":{"start":{"line":10,"column":20},"end":{"line":10,"column":32}},"4":{"start":{"line":12,"column":32},"end":{"line":58,"column":1}},"5":{"start":{"line":17,"column":40},"end":{"line":17,"column":42}},"6":{"start":{"line":18,"column":35},"end":{"line":18,"column":37}},"7":{"start":{"line":20,"column":2},"end":{"line":44,"column":5}},"8":{"start":{"line":21,"column":35},"end":{"line":21,"column":43}},"9":{"start":{"line":22,"column":23},"end":{"line":22,"column":48}},"10":{"start":{"line":24,"column":26},"end":{"line":41,"column":8}},"11":{"start":{"line":27,"column":8},"end":{"line":27,"column":70}},"12":{"start":{"line":29,"column":20},"end":{"line":34,"column":10}},"13":{"start":{"line":36,"column":8},"end":{"line":36,"column":53}},"14":{"start":{"line":37,"column":8},"end":{"line":37,"column":73}},"15":{"start":{"line":40,"column":8},"end":{"line":40,"column":59}},"16":{"start":{"line":43,"column":4},"end":{"line":43,"column":32}},"17":{"start":{"line":46,"column":2},"end":{"line":57,"column":5}},"18":{"start":{"line":47,"column":4},"end":{"line":56,"column":5}},"19":{"start":{"line":48,"column":6},"end":{"line":48,"column":33}},"20":{"start":{"line":49,"column":6},"end":{"line":52,"column":9}},"21":{"start":{"line":54,"column":6},"end":{"line":54,"column":67}},"22":{"start":{"line":55,"column":6},"end":{"line":55,"column":62}},"23":{"start":{"line":12,"column":13},"end":{"line":12,"column":32}}},"fnMap":{"0":{"name":"(anonymous_0)","decl":{"start":{"line":12,"column":32},"end":{"line":12,"column":null}},"loc":{"start":{"line":16,"column":4},"end":{"line":58,"column":1}}},"1":{"name":"(anonymous_1)","decl":{"start":{"line":20,"column":20},"end":{"line":20,"column":21}},"loc":{"start":{"line":20,"column":135},"end":{"line":44,"column":3}}},"2":{"name":"(anonymous_2)","decl":{"start":{"line":26,"column":12},"end":{"line":26,"column":17}},"loc":{"start":{"line":26,"column":23},"end":{"line":38,"column":7}}},"3":{"name":"(anonymous_3)","decl":{"start":{"line":39,"column":13},"end":{"line":39,"column":14}},"loc":{"start":{"line":39,"column":21},"end":{"line":41,"column":7}}},"4":{"name":"(anonymous_4)","decl":{"start":{"line":46,"column":22},"end":{"line":46,"column":27}},"loc":{"start":{"line":46,"column":33},"end":{"line":57,"column":3}}}},"branchMap":{},"s":{"0":7,"1":7,"2":7,"3":7,"4":7,"5":0,"6":0,"7":0,"8":0,"9":0,"10":0,"11":0,"12":0,"13":0,"14":0,"15":0,"16":0,"17":0,"18":0,"19":0,"20":0,"21":0,"22":0,"23":7},"f":{"0":0,"1":0,"2":0,"3":0,"4":0},"b":{}}
}
