{"/home/subhranshus/Projects/MERN/Assignments/assignment10/dam_backend/src/app.ts": {"path":"/home/subhranshus/Projects/MERN/Assignments/assignment10/dam_backend/src/app.ts","statementMap":{"0":{"start":{"line":1,"column":0},"end":{"line":1,"column":30}},"1":{"start":{"line":2,"column":0},"end":{"line":2,"column":24}},"2":{"start":{"line":3,"column":0},"end":{"line":3,"column":28}},"3":{"start":{"line":4,"column":0},"end":{"line":4,"column":16}},"4":{"start":{"line":5,"column":0},"end":{"line":5,"column":50}},"5":{"start":{"line":6,"column":0},"end":{"line":6,"column":46}},"6":{"start":{"line":9,"column":12},"end":{"line":9,"column":21}},"7":{"start":{"line":11,"column":0},"end":{"line":11,"column":16}},"8":{"start":{"line":12,"column":0},"end":{"line":12,"column":24}},"9":{"start":{"line":14,"column":0},"end":{"line":14,"column":37}},"10":{"start":{"line":15,"column":0},"end":{"line":15,"column":34}},"11":{"start":{"line":18,"column":0},"end":{"line":18,"column":19}}},"fnMap":{},"branchMap":{},"s":{"0":1,"1":1,"2":1,"3":1,"4":1,"5":1,"6":1,"7":1,"8":1,"9":1,"10":1,"11":1},"f":{},"b":{}}
,"/home/subhranshus/Projects/MERN/Assignments/assignment10/dam_backend/src/config/minio.ts": {"path":"/home/subhranshus/Projects/MERN/Assignments/assignment10/dam_backend/src/config/minio.ts","statementMap":{"0":{"start":{"line":1,"column":0},"end":{"line":1,"column":31}},"1":{"start":{"line":3,"column":13},"end":{"line":9,"column":3}}},"fnMap":{},"branchMap":{"0":{"loc":{"start":{"line":5,"column":17},"end":{"line":5,"column":49}},"type":"binary-expr","locations":[{"start":{"line":5,"column":17},"end":{"line":5,"column":39}},{"start":{"line":5,"column":43},"end":{"line":5,"column":49}}]}},"s":{"0":1,"1":1},"f":{},"b":{"0":[1,0]}}
,"/home/subhranshus/Projects/MERN/Assignments/assignment10/dam_backend/src/config/redis.ts": {"path":"/home/subhranshus/Projects/MERN/Assignments/assignment10/dam_backend/src/config/redis.ts","statementMap":{"0":{"start":{"line":2,"column":13},"end":{"line":5,"column":2}}},"fnMap":{},"branchMap":{"0":{"loc":{"start":{"line":3,"column":8},"end":{"line":3,"column":45}},"type":"binary-expr","locations":[{"start":{"line":3,"column":8},"end":{"line":3,"column":30}},{"start":{"line":3,"column":34},"end":{"line":3,"column":45}}]},"1":{"loc":{"start":{"line":4,"column":17},"end":{"line":4,"column":49}},"type":"binary-expr","locations":[{"start":{"line":4,"column":17},"end":{"line":4,"column":39}},{"start":{"line":4,"column":43},"end":{"line":4,"column":49}}]}},"s":{"0":1},"f":{},"b":{"0":[1,0],"1":[1,0]}}
,"/home/subhranshus/Projects/MERN/Assignments/assignment10/dam_backend/src/controllers/upload.controller.ts": {"path":"/home/subhranshus/Projects/MERN/Assignments/assignment10/dam_backend/src/controllers/upload.controller.ts","statementMap":{"0":{"start":{"line":2,"column":0},"end":{"line":2,"column":28}},"1":{"start":{"line":3,"column":0},"end":{"line":3,"column":62}},"2":{"start":{"line":5,"column":27},"end":{"line":15,"column":1}},"3":{"start":{"line":6,"column":2},"end":{"line":14,"column":3}},"4":{"start":{"line":7,"column":19},"end":{"line":7,"column":51}},"5":{"start":{"line":9,"column":4},"end":{"line":9,"column":39}},"6":{"start":{"line":10,"column":4},"end":{"line":10,"column":21}},"7":{"start":{"line":12,"column":4},"end":{"line":12,"column":44}},"8":{"start":{"line":13,"column":4},"end":{"line":13,"column":68}},"9":{"start":{"line":5,"column":13},"end":{"line":5,"column":27}}},"fnMap":{"0":{"name":"(anonymous_1)","decl":{"start":{"line":5,"column":27},"end":{"line":5,"column":28}},"loc":{"start":{"line":5,"column":59},"end":{"line":15,"column":1}}}},"branchMap":{},"s":{"0":1,"1":1,"2":1,"3":0,"4":0,"5":0,"6":0,"7":0,"8":0,"9":1},"f":{"0":0},"b":{}}
,"/home/subhranshus/Projects/MERN/Assignments/assignment10/dam_backend/src/controllers/user.controller.ts": {"path":"/home/subhranshus/Projects/MERN/Assignments/assignment10/dam_backend/src/controllers/user.controller.ts","statementMap":{"0":{"start":{"line":2,"column":0},"end":{"line":2,"column":30}},"1":{"start":{"line":3,"column":0},"end":{"line":3,"column":36}},"2":{"start":{"line":5,"column":26},"end":{"line":34,"column":1}},"3":{"start":{"line":6,"column":2},"end":{"line":33,"column":3}},"4":{"start":{"line":7,"column":44},"end":{"line":7,"column":52}},"5":{"start":{"line":9,"column":4},"end":{"line":11,"column":5}},"6":{"start":{"line":10,"column":6},"end":{"line":10,"column":82}},"7":{"start":{"line":13,"column":21},"end":{"line":13,"column":50}},"8":{"start":{"line":14,"column":4},"end":{"line":16,"column":5}},"9":{"start":{"line":15,"column":6},"end":{"line":15,"column":71}},"10":{"start":{"line":18,"column":26},"end":{"line":18,"column":57}},"11":{"start":{"line":20,"column":17},"end":{"line":25,"column":6}},"12":{"start":{"line":27,"column":20},"end":{"line":27,"column":35}},"13":{"start":{"line":28,"column":4},"end":{"line":28,"column":42}},"14":{"start":{"line":30,"column":4},"end":{"line":30,"column":41}},"15":{"start":{"line":32,"column":4},"end":{"line":32,"column":78}},"16":{"start":{"line":5,"column":13},"end":{"line":5,"column":26}},"17":{"start":{"line":36,"column":24},"end":{"line":43,"column":1}},"18":{"start":{"line":37,"column":2},"end":{"line":42,"column":3}},"19":{"start":{"line":38,"column":18},"end":{"line":38,"column":60}},"20":{"start":{"line":39,"column":4},"end":{"line":39,"column":27}},"21":{"start":{"line":41,"column":4},"end":{"line":41,"column":78}},"22":{"start":{"line":36,"column":13},"end":{"line":36,"column":24}},"23":{"start":{"line":45,"column":27},"end":{"line":54,"column":1}},"24":{"start":{"line":46,"column":2},"end":{"line":53,"column":3}},"25":{"start":{"line":47,"column":19},"end":{"line":47,"column":29}},"26":{"start":{"line":48,"column":17},"end":{"line":48,"column":65}},"27":{"start":{"line":49,"column":4},"end":{"line":49,"column":74}},"28":{"start":{"line":49,"column":15},"end":{"line":49,"column":74}},"29":{"start":{"line":50,"column":4},"end":{"line":50,"column":26}},"30":{"start":{"line":52,"column":4},"end":{"line":52,"column":78}},"31":{"start":{"line":45,"column":13},"end":{"line":45,"column":27}},"32":{"start":{"line":56,"column":26},"end":{"line":79,"column":1}},"33":{"start":{"line":57,"column":2},"end":{"line":78,"column":3}},"34":{"start":{"line":58,"column":19},"end":{"line":58,"column":29}},"35":{"start":{"line":59,"column":19},"end":{"line":59,"column":41}},"36":{"start":{"line":62,"column":4},"end":{"line":65,"column":5}},"37":{"start":{"line":63,"column":6},"end":{"line":63,"column":68}},"38":{"start":{"line":64,"column":6},"end":{"line":64,"column":29}},"39":{"start":{"line":67,"column":20},"end":{"line":67,"column":100}},"40":{"start":{"line":69,"column":4},"end":{"line":69,"column":77}},"41":{"start":{"line":69,"column":18},"end":{"line":69,"column":77}},"42":{"start":{"line":71,"column":4},"end":{"line":71,"column":29}},"43":{"start":{"line":74,"column":4},"end":{"line":76,"column":5}},"44":{"start":{"line":75,"column":6},"end":{"line":75,"column":71}},"45":{"start":{"line":77,"column":4},"end":{"line":77,"column":78}},"46":{"start":{"line":56,"column":13},"end":{"line":56,"column":26}},"47":{"start":{"line":81,"column":26},"end":{"line":90,"column":1}},"48":{"start":{"line":82,"column":2},"end":{"line":89,"column":3}},"49":{"start":{"line":83,"column":19},"end":{"line":83,"column":29}},"50":{"start":{"line":84,"column":16},"end":{"line":84,"column":48}},"51":{"start":{"line":85,"column":4},"end":{"line":85,"column":73}},"52":{"start":{"line":85,"column":14},"end":{"line":85,"column":73}},"53":{"start":{"line":86,"column":4},"end":{"line":86,"column":49}},"54":{"start":{"line":88,"column":4},"end":{"line":88,"column":78}},"55":{"start":{"line":81,"column":13},"end":{"line":81,"column":26}}},"fnMap":{"0":{"name":"(anonymous_1)","decl":{"start":{"line":5,"column":26},"end":{"line":5,"column":31}},"loc":{"start":{"line":5,"column":64},"end":{"line":34,"column":1}}},"1":{"name":"(anonymous_2)","decl":{"start":{"line":36,"column":24},"end":{"line":36,"column":29}},"loc":{"start":{"line":36,"column":63},"end":{"line":43,"column":1}}},"2":{"name":"(anonymous_3)","decl":{"start":{"line":45,"column":27},"end":{"line":45,"column":32}},"loc":{"start":{"line":45,"column":65},"end":{"line":54,"column":1}}},"3":{"name":"(anonymous_4)","decl":{"start":{"line":56,"column":26},"end":{"line":56,"column":31}},"loc":{"start":{"line":56,"column":64},"end":{"line":79,"column":1}}},"4":{"name":"(anonymous_5)","decl":{"start":{"line":81,"column":26},"end":{"line":81,"column":31}},"loc":{"start":{"line":81,"column":64},"end":{"line":90,"column":1}}}},"branchMap":{"0":{"loc":{"start":{"line":9,"column":4},"end":{"line":11,"column":5}},"type":"if","locations":[{"start":{"line":9,"column":4},"end":{"line":11,"column":5}},{"start":{},"end":{}}]},"1":{"loc":{"start":{"line":9,"column":8},"end":{"line":9,"column":27}},"type":"binary-expr","locations":[{"start":{"line":9,"column":8},"end":{"line":9,"column":14}},{"start":{"line":9,"column":18},"end":{"line":9,"column":27}}]},"2":{"loc":{"start":{"line":14,"column":4},"end":{"line":16,"column":5}},"type":"if","locations":[{"start":{"line":14,"column":4},"end":{"line":16,"column":5}},{"start":{},"end":{}}]},"3":{"loc":{"start":{"line":32,"column":43},"end":{"line":32,"column":74}},"type":"binary-expr","locations":[{"start":{"line":32,"column":43},"end":{"line":32,"column":54}},{"start":{"line":32,"column":58},"end":{"line":32,"column":74}}]},"4":{"loc":{"start":{"line":41,"column":43},"end":{"line":41,"column":74}},"type":"binary-expr","locations":[{"start":{"line":41,"column":43},"end":{"line":41,"column":54}},{"start":{"line":41,"column":58},"end":{"line":41,"column":74}}]},"5":{"loc":{"start":{"line":49,"column":4},"end":{"line":49,"column":74}},"type":"if","locations":[{"start":{"line":49,"column":4},"end":{"line":49,"column":74}},{"start":{},"end":{}}]},"6":{"loc":{"start":{"line":52,"column":43},"end":{"line":52,"column":74}},"type":"binary-expr","locations":[{"start":{"line":52,"column":43},"end":{"line":52,"column":54}},{"start":{"line":52,"column":58},"end":{"line":52,"column":74}}]},"7":{"loc":{"start":{"line":62,"column":4},"end":{"line":65,"column":5}},"type":"if","locations":[{"start":{"line":62,"column":4},"end":{"line":65,"column":5}},{"start":{},"end":{}}]},"8":{"loc":{"start":{"line":69,"column":4},"end":{"line":69,"column":77}},"type":"if","locations":[{"start":{"line":69,"column":4},"end":{"line":69,"column":77}},{"start":{},"end":{}}]},"9":{"loc":{"start":{"line":74,"column":4},"end":{"line":76,"column":5}},"type":"if","locations":[{"start":{"line":74,"column":4},"end":{"line":76,"column":5}},{"start":{},"end":{}}]},"10":{"loc":{"start":{"line":77,"column":43},"end":{"line":77,"column":74}},"type":"binary-expr","locations":[{"start":{"line":77,"column":43},"end":{"line":77,"column":54}},{"start":{"line":77,"column":58},"end":{"line":77,"column":74}}]},"11":{"loc":{"start":{"line":85,"column":4},"end":{"line":85,"column":73}},"type":"if","locations":[{"start":{"line":85,"column":4},"end":{"line":85,"column":73}},{"start":{},"end":{}}]},"12":{"loc":{"start":{"line":88,"column":43},"end":{"line":88,"column":74}},"type":"binary-expr","locations":[{"start":{"line":88,"column":43},"end":{"line":88,"column":54}},{"start":{"line":88,"column":58},"end":{"line":88,"column":74}}]}},"s":{"0":1,"1":1,"2":1,"3":4,"4":4,"5":4,"6":2,"7":2,"8":2,"9":1,"10":1,"11":1,"12":1,"13":1,"14":1,"15":0,"16":1,"17":1,"18":1,"19":1,"20":1,"21":0,"22":1,"23":1,"24":2,"25":2,"26":2,"27":2,"28":1,"29":1,"30":0,"31":1,"32":1,"33":2,"34":2,"35":2,"36":2,"37":1,"38":1,"39":2,"40":2,"41":1,"42":1,"43":0,"44":0,"45":0,"46":1,"47":1,"48":2,"49":2,"50":2,"51":2,"52":1,"53":1,"54":0,"55":1},"f":{"0":4,"1":1,"2":2,"3":2,"4":2},"b":{"0":[2,2],"1":[4,3],"2":[1,1],"3":[0,0],"4":[0,0],"5":[1,1],"6":[0,0],"7":[1,1],"8":[1,1],"9":[0,0],"10":[0,0],"11":[1,1],"12":[0,0]}}
,"/home/subhranshus/Projects/MERN/Assignments/assignment10/dam_backend/src/models/Analytics.ts": {"path":"/home/subhranshus/Projects/MERN/Assignments/assignment10/dam_backend/src/models/Analytics.ts","statementMap":{"0":{"start":{"line":1,"column":0},"end":{"line":1,"column":58}},"1":{"start":{"line":10,"column":24},"end":{"line":17,"column":null}},"2":{"start":{"line":20,"column":13},"end":{"line":20,"column":73}}},"fnMap":{},"branchMap":{},"s":{"0":1,"1":1,"2":1},"f":{},"b":{}}
,"/home/subhranshus/Projects/MERN/Assignments/assignment10/dam_backend/src/models/Asset.ts": {"path":"/home/subhranshus/Projects/MERN/Assignments/assignment10/dam_backend/src/models/Asset.ts","statementMap":{"0":{"start":{"line":1,"column":0},"end":{"line":1,"column":58}},"1":{"start":{"line":14,"column":20},"end":{"line":25,"column":null}},"2":{"start":{"line":28,"column":13},"end":{"line":28,"column":57}}},"fnMap":{},"branchMap":{},"s":{"0":5,"1":5,"2":5},"f":{},"b":{}}
,"/home/subhranshus/Projects/MERN/Assignments/assignment10/dam_backend/src/models/AssetTag.ts": {"path":"/home/subhranshus/Projects/MERN/Assignments/assignment10/dam_backend/src/models/AssetTag.ts","statementMap":{"0":{"start":{"line":1,"column":0},"end":{"line":1,"column":58}},"1":{"start":{"line":8,"column":23},"end":{"line":13,"column":null}},"2":{"start":{"line":16,"column":0},"end":{"line":16,"column":67}},"3":{"start":{"line":18,"column":13},"end":{"line":18,"column":69}}},"fnMap":{},"branchMap":{},"s":{"0":1,"1":1,"2":1,"3":1},"f":{},"b":{}}
,"/home/subhranshus/Projects/MERN/Assignments/assignment10/dam_backend/src/models/Download.ts": {"path":"/home/subhranshus/Projects/MERN/Assignments/assignment10/dam_backend/src/models/Download.ts","statementMap":{"0":{"start":{"line":1,"column":0},"end":{"line":1,"column":58}},"1":{"start":{"line":9,"column":23},"end":{"line":15,"column":null}},"2":{"start":{"line":18,"column":13},"end":{"line":18,"column":69}}},"fnMap":{},"branchMap":{},"s":{"0":1,"1":1,"2":1},"f":{},"b":{}}
,"/home/subhranshus/Projects/MERN/Assignments/assignment10/dam_backend/src/models/ProcessingJob.ts": {"path":"/home/subhranshus/Projects/MERN/Assignments/assignment10/dam_backend/src/models/ProcessingJob.ts","statementMap":{"0":{"start":{"line":1,"column":0},"end":{"line":1,"column":58}},"1":{"start":{"line":11,"column":28},"end":{"line":19,"column":null}},"2":{"start":{"line":22,"column":13},"end":{"line":25,"column":2}}},"fnMap":{},"branchMap":{},"s":{"0":1,"1":1,"2":1},"f":{},"b":{}}
,"/home/subhranshus/Projects/MERN/Assignments/assignment10/dam_backend/src/models/Tag.ts": {"path":"/home/subhranshus/Projects/MERN/Assignments/assignment10/dam_backend/src/models/Tag.ts","statementMap":{"0":{"start":{"line":1,"column":0},"end":{"line":1,"column":51}},"1":{"start":{"line":7,"column":18},"end":{"line":11,"column":null}},"2":{"start":{"line":14,"column":13},"end":{"line":14,"column":49}}},"fnMap":{},"branchMap":{},"s":{"0":2,"1":2,"2":2},"f":{},"b":{}}
,"/home/subhranshus/Projects/MERN/Assignments/assignment10/dam_backend/src/models/User.ts": {"path":"/home/subhranshus/Projects/MERN/Assignments/assignment10/dam_backend/src/models/User.ts","statementMap":{"0":{"start":{"line":1,"column":0},"end":{"line":1,"column":51}},"1":{"start":{"line":11,"column":19},"end":{"line":19,"column":null}},"2":{"start":{"line":22,"column":13},"end":{"line":22,"column":53}}},"fnMap":{},"branchMap":{},"s":{"0":7,"1":7,"2":7},"f":{},"b":{}}
,"/home/subhranshus/Projects/MERN/Assignments/assignment10/dam_backend/src/queues/processing.queue.ts": {"path":"/home/subhranshus/Projects/MERN/Assignments/assignment10/dam_backend/src/queues/processing.queue.ts","statementMap":{"0":{"start":{"line":1,"column":0},"end":{"line":1,"column":31}},"1":{"start":{"line":2,"column":0},"end":{"line":2,"column":50}},"2":{"start":{"line":4,"column":13},"end":{"line":6,"column":3}}},"fnMap":{},"branchMap":{},"s":{"0":1,"1":1,"2":1},"f":{},"b":{}}
,"/home/subhranshus/Projects/MERN/Assignments/assignment10/dam_backend/src/routes/upload.routes.ts": {"path":"/home/subhranshus/Projects/MERN/Assignments/assignment10/dam_backend/src/routes/upload.routes.ts","statementMap":{"0":{"start":{"line":1,"column":0},"end":{"line":1,"column":33}},"1":{"start":{"line":2,"column":0},"end":{"line":2,"column":63}},"2":{"start":{"line":4,"column":21},"end":{"line":4,"column":29}},"3":{"start":{"line":6,"column":0},"end":{"line":6,"column":36}},"4":{"start":{"line":8,"column":0},"end":{"line":8,"column":null}}},"fnMap":{},"branchMap":{},"s":{"0":1,"1":1,"2":1,"3":1,"4":1},"f":{},"b":{}}
,"/home/subhranshus/Projects/MERN/Assignments/assignment10/dam_backend/src/routes/user.routes.ts": {"path":"/home/subhranshus/Projects/MERN/Assignments/assignment10/dam_backend/src/routes/user.routes.ts","statementMap":{"0":{"start":{"line":1,"column":0},"end":{"line":1,"column":30}},"1":{"start":{"line":2,"column":0},"end":{"line":2,"column":null}},"2":{"start":{"line":10,"column":15},"end":{"line":10,"column":31}},"3":{"start":{"line":12,"column":0},"end":{"line":12,"column":29}},"4":{"start":{"line":13,"column":0},"end":{"line":13,"column":26}},"5":{"start":{"line":14,"column":0},"end":{"line":14,"column":32}},"6":{"start":{"line":15,"column":0},"end":{"line":15,"column":31}},"7":{"start":{"line":16,"column":0},"end":{"line":16,"column":34}},"8":{"start":{"line":18,"column":0},"end":{"line":18,"column":22}}},"fnMap":{},"branchMap":{},"s":{"0":1,"1":1,"2":1,"3":1,"4":1,"5":1,"6":1,"7":1,"8":1},"f":{},"b":{}}
,"/home/subhranshus/Projects/MERN/Assignments/assignment10/dam_backend/src/services/upload.service.ts": {"path":"/home/subhranshus/Projects/MERN/Assignments/assignment10/dam_backend/src/services/upload.service.ts","statementMap":{"0":{"start":{"line":2,"column":0},"end":{"line":2,"column":46}},"1":{"start":{"line":3,"column":0},"end":{"line":3,"column":61}},"2":{"start":{"line":4,"column":0},"end":{"line":4,"column":36}},"3":{"start":{"line":10,"column":20},"end":{"line":10,"column":32}},"4":{"start":{"line":12,"column":32},"end":{"line":58,"column":1}},"5":{"start":{"line":17,"column":40},"end":{"line":17,"column":42}},"6":{"start":{"line":18,"column":35},"end":{"line":18,"column":37}},"7":{"start":{"line":20,"column":2},"end":{"line":44,"column":5}},"8":{"start":{"line":21,"column":35},"end":{"line":21,"column":43}},"9":{"start":{"line":22,"column":23},"end":{"line":22,"column":48}},"10":{"start":{"line":24,"column":26},"end":{"line":41,"column":8}},"11":{"start":{"line":27,"column":8},"end":{"line":27,"column":70}},"12":{"start":{"line":29,"column":20},"end":{"line":34,"column":10}},"13":{"start":{"line":36,"column":8},"end":{"line":36,"column":53}},"14":{"start":{"line":37,"column":8},"end":{"line":37,"column":73}},"15":{"start":{"line":40,"column":8},"end":{"line":40,"column":59}},"16":{"start":{"line":43,"column":4},"end":{"line":43,"column":32}},"17":{"start":{"line":46,"column":2},"end":{"line":57,"column":5}},"18":{"start":{"line":47,"column":4},"end":{"line":56,"column":5}},"19":{"start":{"line":48,"column":6},"end":{"line":48,"column":33}},"20":{"start":{"line":49,"column":6},"end":{"line":52,"column":9}},"21":{"start":{"line":54,"column":6},"end":{"line":54,"column":67}},"22":{"start":{"line":55,"column":6},"end":{"line":55,"column":62}},"23":{"start":{"line":12,"column":13},"end":{"line":12,"column":32}}},"fnMap":{"0":{"name":"(anonymous_0)","decl":{"start":{"line":12,"column":32},"end":{"line":12,"column":null}},"loc":{"start":{"line":16,"column":4},"end":{"line":58,"column":1}}},"1":{"name":"(anonymous_1)","decl":{"start":{"line":20,"column":20},"end":{"line":20,"column":21}},"loc":{"start":{"line":20,"column":135},"end":{"line":44,"column":3}}},"2":{"name":"(anonymous_2)","decl":{"start":{"line":26,"column":12},"end":{"line":26,"column":17}},"loc":{"start":{"line":26,"column":23},"end":{"line":38,"column":7}}},"3":{"name":"(anonymous_3)","decl":{"start":{"line":39,"column":13},"end":{"line":39,"column":14}},"loc":{"start":{"line":39,"column":21},"end":{"line":41,"column":7}}},"4":{"name":"(anonymous_4)","decl":{"start":{"line":46,"column":22},"end":{"line":46,"column":27}},"loc":{"start":{"line":46,"column":33},"end":{"line":57,"column":3}}}},"branchMap":{},"s":{"0":1,"1":1,"2":1,"3":1,"4":1,"5":0,"6":0,"7":0,"8":0,"9":0,"10":0,"11":0,"12":0,"13":0,"14":0,"15":0,"16":0,"17":0,"18":0,"19":0,"20":0,"21":0,"22":0,"23":1},"f":{"0":0,"1":0,"2":0,"3":0,"4":0},"b":{}}
}
