TN:
SF:src/app.ts
FNF:0
FNH:0
DA:1,7
DA:2,7
DA:3,7
DA:4,7
DA:5,7
DA:6,7
DA:7,7
DA:8,7
DA:9,7
DA:10,7
DA:11,7
DA:12,7
DA:14,7
DA:16,7
DA:17,7
DA:19,7
DA:20,7
DA:21,7
DA:22,7
DA:23,7
DA:24,7
DA:25,7
DA:26,7
DA:29,7
LF:24
LH:24
BRF:0
BRH:0
end_of_record
TN:
SF:src/config/minio.connection.ts
FNF:0
FNH:0
DA:1,7
DA:3,7
LF:2
LH:2
BRDA:5,0,0,7
BRDA:5,0,1,0
BRF:2
BRH:1
end_of_record
TN:
SF:src/config/redis.connection.ts
FNF:0
FNH:0
DA:2,7
LF:1
LH:1
BRDA:3,0,0,7
BRDA:3,0,1,0
BRDA:4,1,0,7
BRDA:4,1,1,0
BRF:4
BRH:2
end_of_record
TN:
SF:src/controllers/analytics.controller.ts
FN:8,(anonymous_0)
FN:32,(anonymous_1)
FN:54,(anonymous_2)
FN:76,(anonymous_3)
FNF:4
FNH:4
FNDA:2,(anonymous_0)
FNDA:2,(anonymous_1)
FNDA:2,(anonymous_2)
FNDA:2,(anonymous_3)
DA:2,7
DA:3,7
DA:8,7
DA:9,2
DA:10,2
DA:12,2
DA:13,1
DA:16,1
DA:23,1
DA:25,0
DA:32,7
DA:33,2
DA:34,2
DA:36,2
DA:37,0
DA:40,2
DA:41,2
DA:42,1
DA:45,1
DA:47,0
DA:54,7
DA:55,2
DA:56,2
DA:58,2
DA:59,0
DA:62,2
DA:63,2
DA:64,1
DA:67,1
DA:69,0
DA:76,7
DA:77,2
DA:78,2
DA:80,2
DA:81,0
DA:84,2
DA:85,2
DA:86,1
DA:89,1
DA:91,0
LF:40
LH:33
BRDA:12,0,0,1
BRDA:12,0,1,1
BRDA:12,1,0,2
BRDA:12,1,1,2
BRDA:36,2,0,0
BRDA:36,2,1,2
BRDA:41,3,0,1
BRDA:41,3,1,1
BRDA:58,4,0,0
BRDA:58,4,1,2
BRDA:63,5,0,1
BRDA:63,5,1,1
BRDA:80,6,0,0
BRDA:80,6,1,2
BRDA:85,7,0,1
BRDA:85,7,1,1
BRF:16
BRH:13
end_of_record
TN:
SF:src/controllers/asset.controller.ts
FN:8,(anonymous_0)
FN:21,(anonymous_1)
FN:34,(anonymous_2)
FN:50,(anonymous_3)
FN:68,(anonymous_4)
FNF:5
FNH:4
FNDA:2,(anonymous_0)
FNDA:0,(anonymous_1)
FNDA:2,(anonymous_2)
FNDA:2,(anonymous_3)
FNDA:2,(anonymous_4)
DA:2,7
DA:8,7
DA:9,2
DA:10,2
DA:11,1
DA:13,1
DA:21,7
DA:22,0
DA:23,0
DA:24,0
DA:26,0
DA:34,7
DA:35,2
DA:36,2
DA:37,2
DA:38,1
DA:40,1
DA:42,0
DA:50,7
DA:51,2
DA:52,2
DA:55,2
DA:56,1
DA:58,1
DA:60,0
DA:68,7
DA:69,2
DA:70,2
DA:71,2
DA:72,1
DA:74,1
DA:76,0
LF:32
LH:25
BRDA:37,0,0,1
BRDA:37,0,1,1
BRDA:55,1,0,1
BRDA:55,1,1,1
BRDA:71,2,0,1
BRDA:71,2,1,1
BRF:6
BRH:6
end_of_record
TN:
SF:src/controllers/assetTag.controller.ts
FN:8,(anonymous_0)
FN:21,(anonymous_1)
FN:34,(anonymous_2)
FN:50,(anonymous_3)
FNF:4
FNH:4
FNDA:2,(anonymous_0)
FNDA:1,(anonymous_1)
FNDA:2,(anonymous_2)
FNDA:2,(anonymous_3)
DA:2,7
DA:8,7
DA:9,2
DA:10,2
DA:11,1
DA:13,1
DA:21,7
DA:22,1
DA:23,1
DA:24,1
DA:26,0
DA:34,7
DA:35,2
DA:36,2
DA:37,2
DA:38,1
DA:40,1
DA:42,0
DA:50,7
DA:51,2
DA:52,2
DA:53,2
DA:54,1
DA:56,1
DA:58,0
LF:25
LH:22
BRDA:37,0,0,1
BRDA:37,0,1,1
BRDA:53,1,0,1
BRDA:53,1,1,1
BRF:4
BRH:4
end_of_record
TN:
SF:src/controllers/download.controller.ts
FN:9,(anonymous_0)
FN:23,(anonymous_1)
FN:37,(anonymous_2)
FN:54,(anonymous_3)
FN:73,(anonymous_4)
FNF:5
FNH:4
FNDA:2,(anonymous_0)
FNDA:0,(anonymous_1)
FNDA:2,(anonymous_2)
FNDA:2,(anonymous_3)
FNDA:2,(anonymous_4)
DA:2,7
DA:9,7
DA:10,2
DA:11,2
DA:12,1
DA:14,1
DA:23,7
DA:24,0
DA:25,0
DA:26,0
DA:28,0
DA:37,7
DA:38,2
DA:39,2
DA:40,2
DA:41,1
DA:43,1
DA:45,0
DA:54,7
DA:55,2
DA:56,2
DA:59,2
DA:60,1
DA:62,1
DA:64,0
DA:73,7
DA:74,2
DA:75,2
DA:76,2
DA:77,1
DA:79,1
DA:81,0
LF:32
LH:25
BRDA:40,0,0,1
BRDA:40,0,1,1
BRDA:59,1,0,1
BRDA:59,1,1,1
BRDA:76,2,0,1
BRDA:76,2,1,1
BRF:6
BRH:6
end_of_record
TN:
SF:src/controllers/processingJobController.ts
FN:8,(anonymous_1)
FN:33,(anonymous_2)
FN:41,(anonymous_3)
FN:54,(anonymous_4)
FN:67,(anonymous_5)
FNF:5
FNH:4
FNDA:2,(anonymous_1)
FNDA:0,(anonymous_2)
FNDA:2,(anonymous_3)
FNDA:2,(anonymous_4)
FNDA:2,(anonymous_5)
DA:2,7
DA:3,7
DA:8,7
DA:9,2
DA:10,2
DA:12,2
DA:13,1
DA:16,1
DA:24,1
DA:26,0
DA:33,7
DA:34,0
DA:35,0
DA:41,7
DA:42,2
DA:43,2
DA:45,2
DA:46,2
DA:48,1
DA:54,7
DA:55,2
DA:56,2
DA:58,2
DA:59,2
DA:61,1
DA:67,7
DA:68,2
DA:69,2
DA:71,2
DA:72,2
DA:74,1
LF:31
LH:28
BRDA:12,0,0,1
BRDA:12,0,1,1
BRDA:43,1,0,0
BRDA:43,1,1,2
BRDA:46,2,0,1
BRDA:46,2,1,1
BRDA:56,3,0,0
BRDA:56,3,1,2
BRDA:59,4,0,1
BRDA:59,4,1,1
BRDA:69,5,0,0
BRDA:69,5,1,2
BRDA:72,6,0,1
BRDA:72,6,1,1
BRF:14
BRH:11
end_of_record
TN:
SF:src/controllers/tag.controller.ts
FN:8,(anonymous_0)
FN:34,(anonymous_1)
FN:47,(anonymous_2)
FN:63,(anonymous_3)
FNF:4
FNH:4
FNDA:3,(anonymous_0)
FNDA:1,(anonymous_1)
FNDA:2,(anonymous_2)
FNDA:2,(anonymous_3)
DA:2,7
DA:8,7
DA:9,3
DA:10,3
DA:12,3
DA:13,1
DA:16,2
DA:17,2
DA:18,1
DA:21,1
DA:22,1
DA:24,1
DA:26,0
DA:34,7
DA:35,1
DA:36,1
DA:37,1
DA:39,0
DA:47,7
DA:48,2
DA:49,2
DA:50,2
DA:51,1
DA:53,1
DA:55,0
DA:63,7
DA:64,2
DA:65,2
DA:66,2
DA:67,1
DA:69,1
DA:71,0
LF:32
LH:28
BRDA:12,0,0,1
BRDA:12,0,1,2
BRDA:17,1,0,1
BRDA:17,1,1,1
BRDA:50,2,0,1
BRDA:50,2,1,1
BRDA:66,3,0,1
BRDA:66,3,1,1
BRF:8
BRH:8
end_of_record
TN:
SF:src/controllers/upload.controller.ts
FN:5,(anonymous_1)
FNF:1
FNH:0
FNDA:0,(anonymous_1)
DA:2,7
DA:3,7
DA:5,7
DA:6,0
DA:7,0
DA:9,0
DA:10,0
DA:12,0
DA:13,0
LF:9
LH:3
BRF:0
BRH:0
end_of_record
TN:
SF:src/controllers/user.controller.ts
FN:12,(anonymous_1)
FN:55,(anonymous_2)
FN:71,(anonymous_3)
FN:90,(anonymous_4)
FN:123,(anonymous_5)
FNF:5
FNH:5
FNDA:4,(anonymous_1)
FNDA:1,(anonymous_2)
FNDA:2,(anonymous_3)
FNDA:2,(anonymous_4)
FNDA:2,(anonymous_5)
DA:2,7
DA:3,7
DA:4,7
DA:12,7
DA:13,4
DA:14,4
DA:16,4
DA:17,2
DA:20,2
DA:21,2
DA:22,1
DA:25,1
DA:27,1
DA:34,1
DA:36,1
DA:37,1
DA:39,1
DA:41,0
DA:42,0
DA:44,0
DA:45,0
DA:47,0
DA:55,7
DA:56,1
DA:57,1
DA:58,1
DA:60,0
DA:61,0
DA:63,0
DA:71,7
DA:72,2
DA:73,2
DA:74,2
DA:75,2
DA:76,1
DA:78,0
DA:79,0
DA:81,0
DA:90,7
DA:91,2
DA:92,2
DA:93,2
DA:95,2
DA:96,1
DA:97,1
DA:100,2
DA:101,2
DA:103,1
DA:104,1
DA:106,0
DA:107,0
DA:109,0
DA:110,0
DA:112,0
DA:113,0
DA:115,0
DA:123,7
DA:124,2
DA:125,2
DA:126,2
DA:127,2
DA:128,1
DA:130,0
DA:131,0
DA:133,0
LF:65
LH:44
BRDA:16,0,0,2
BRDA:16,0,1,2
BRDA:16,1,0,4
BRDA:16,1,1,3
BRDA:21,2,0,1
BRDA:21,2,1,1
BRDA:41,3,0,0
BRDA:41,3,1,0
BRDA:44,4,0,0
BRDA:44,4,1,0
BRDA:60,5,0,0
BRDA:60,5,1,0
BRDA:75,6,0,1
BRDA:75,6,1,1
BRDA:78,7,0,0
BRDA:78,7,1,0
BRDA:95,8,0,1
BRDA:95,8,1,1
BRDA:101,9,0,1
BRDA:101,9,1,1
BRDA:106,10,0,0
BRDA:106,10,1,0
BRDA:109,11,0,0
BRDA:109,11,1,0
BRDA:109,12,0,0
BRDA:109,12,1,0
BRDA:109,12,2,0
BRDA:109,12,3,0
BRDA:112,13,0,0
BRDA:112,13,1,0
BRDA:127,14,0,1
BRDA:127,14,1,1
BRDA:130,15,0,0
BRDA:130,15,1,0
BRF:34
BRH:14
end_of_record
TN:
SF:src/models/Analytics.ts
FNF:0
FNH:0
DA:1,8
DA:10,8
DA:20,8
LF:3
LH:3
BRF:0
BRH:0
end_of_record
TN:
SF:src/models/Asset.ts
FNF:0
FNH:0
DA:1,12
DA:14,12
DA:28,12
LF:3
LH:3
BRF:0
BRH:0
end_of_record
TN:
SF:src/models/AssetTag.ts
FNF:0
FNH:0
DA:1,8
DA:8,8
DA:16,8
DA:18,8
LF:4
LH:4
BRF:0
BRH:0
end_of_record
TN:
SF:src/models/Download.ts
FNF:0
FNH:0
DA:1,8
DA:9,8
DA:18,8
LF:3
LH:3
BRF:0
BRH:0
end_of_record
TN:
SF:src/models/ProcessingJob.ts
FNF:0
FNH:0
DA:1,8
DA:11,8
DA:22,8
LF:3
LH:3
BRF:0
BRH:0
end_of_record
TN:
SF:src/models/Tag.ts
FNF:0
FNH:0
DA:1,9
DA:7,9
DA:14,9
LF:3
LH:3
BRF:0
BRH:0
end_of_record
TN:
SF:src/models/User.ts
FNF:0
FNH:0
DA:1,13
DA:11,13
DA:22,13
LF:3
LH:3
BRF:0
BRH:0
end_of_record
TN:
SF:src/queues/processing.queue.ts
FNF:0
FNH:0
DA:1,7
DA:2,7
DA:4,7
LF:3
LH:3
BRF:0
BRH:0
end_of_record
TN:
SF:src/routes/analytics.route.ts
FNF:0
FNH:0
DA:1,7
DA:2,7
DA:9,7
DA:11,7
DA:12,7
DA:13,7
DA:14,7
DA:16,7
LF:8
LH:8
BRF:0
BRH:0
end_of_record
TN:
SF:src/routes/asset.routes.ts
FNF:0
FNH:0
DA:1,7
DA:2,7
DA:10,7
DA:12,7
DA:13,7
DA:14,7
DA:15,7
DA:16,7
DA:18,7
LF:9
LH:9
BRF:0
BRH:0
end_of_record
TN:
SF:src/routes/assetTag.routes.ts
FNF:0
FNH:0
DA:1,7
DA:2,7
DA:9,7
DA:17,7
DA:18,7
DA:19,7
DA:20,7
DA:22,7
LF:8
LH:8
BRF:0
BRH:0
end_of_record
TN:
SF:src/routes/download.routes.ts
FNF:0
FNH:0
DA:1,7
DA:2,7
DA:10,7
DA:12,7
DA:13,7
DA:14,7
DA:15,7
DA:16,7
DA:18,7
LF:9
LH:9
BRF:0
BRH:0
end_of_record
TN:
SF:src/routes/processingJob.routes.ts
FNF:0
FNH:0
DA:1,7
DA:2,7
DA:10,7
DA:12,7
DA:13,7
DA:14,7
DA:15,7
DA:16,7
DA:18,7
LF:9
LH:9
BRF:0
BRH:0
end_of_record
TN:
SF:src/routes/tag.routes.ts
FNF:0
FNH:0
DA:1,7
DA:2,7
DA:4,7
DA:14,7
DA:15,7
DA:25,7
DA:26,7
DA:28,7
LF:8
LH:8
BRF:0
BRH:0
end_of_record
TN:
SF:src/routes/upload.routes.ts
FNF:0
FNH:0
DA:1,7
DA:2,7
DA:4,7
DA:6,7
DA:8,7
LF:5
LH:5
BRF:0
BRH:0
end_of_record
TN:
SF:src/routes/user.routes.ts
FNF:0
FNH:0
DA:1,7
DA:2,7
DA:10,7
DA:12,7
DA:13,7
DA:14,7
DA:15,7
DA:16,7
DA:18,7
LF:9
LH:9
BRF:0
BRH:0
end_of_record
TN:
SF:src/services/upload.service.ts
FN:12,(anonymous_0)
FN:20,(anonymous_1)
FN:26,(anonymous_2)
FN:39,(anonymous_3)
FN:46,(anonymous_4)
FNF:5
FNH:0
FNDA:0,(anonymous_0)
FNDA:0,(anonymous_1)
FNDA:0,(anonymous_2)
FNDA:0,(anonymous_3)
FNDA:0,(anonymous_4)
DA:2,7
DA:3,7
DA:4,7
DA:10,7
DA:12,7
DA:17,0
DA:18,0
DA:20,0
DA:21,0
DA:22,0
DA:24,0
DA:27,0
DA:29,0
DA:36,0
DA:37,0
DA:40,0
DA:43,0
DA:46,0
DA:47,0
DA:48,0
DA:49,0
DA:54,0
DA:55,0
LF:23
LH:5
BRF:0
BRH:0
end_of_record
