TN:
SF:src/app.ts
FNF:0
FNH:0
DA:1,1
DA:2,1
DA:3,1
DA:4,1
DA:5,1
DA:6,1
DA:9,1
DA:11,1
DA:12,1
DA:14,1
DA:15,1
DA:18,1
LF:12
LH:12
BRF:0
BRH:0
end_of_record
TN:
SF:src/config/minio.ts
FNF:0
FNH:0
DA:1,1
DA:3,1
LF:2
LH:2
BRDA:5,0,0,1
BRDA:5,0,1,0
BRF:2
BRH:1
end_of_record
TN:
SF:src/config/redis.ts
FNF:0
FNH:0
DA:2,1
LF:1
LH:1
BRDA:3,0,0,1
BRDA:3,0,1,0
BRDA:4,1,0,1
BRDA:4,1,1,0
BRF:4
BRH:2
end_of_record
TN:
SF:src/controllers/upload.controller.ts
FN:5,(anonymous_1)
FNF:1
FNH:0
FNDA:0,(anonymous_1)
DA:2,1
DA:3,1
DA:5,1
DA:6,0
DA:7,0
DA:9,0
DA:10,0
DA:12,0
DA:13,0
LF:9
LH:3
BRF:0
BRH:0
end_of_record
TN:
SF:src/controllers/user.controller.ts
FN:5,(anonymous_1)
FN:36,(anonymous_2)
FN:45,(anonymous_3)
FN:56,(anonymous_4)
FN:81,(anonymous_5)
FNF:5
FNH:5
FNDA:4,(anonymous_1)
FNDA:1,(anonymous_2)
FNDA:2,(anonymous_3)
FNDA:2,(anonymous_4)
FNDA:2,(anonymous_5)
DA:2,1
DA:3,1
DA:5,1
DA:6,4
DA:7,4
DA:9,4
DA:10,2
DA:13,2
DA:14,2
DA:15,1
DA:18,1
DA:20,1
DA:27,1
DA:28,1
DA:30,1
DA:32,0
DA:36,1
DA:37,1
DA:38,1
DA:39,1
DA:41,0
DA:45,1
DA:46,2
DA:47,2
DA:48,2
DA:49,2
DA:50,1
DA:52,0
DA:56,1
DA:57,2
DA:58,2
DA:59,2
DA:62,2
DA:63,1
DA:64,1
DA:67,2
DA:69,2
DA:71,1
DA:74,0
DA:75,0
DA:77,0
DA:81,1
DA:82,2
DA:83,2
DA:84,2
DA:85,2
DA:86,1
DA:88,0
LF:48
LH:41
BRDA:9,0,0,2
BRDA:9,0,1,2
BRDA:9,1,0,4
BRDA:9,1,1,3
BRDA:14,2,0,1
BRDA:14,2,1,1
BRDA:32,3,0,0
BRDA:32,3,1,0
BRDA:41,4,0,0
BRDA:41,4,1,0
BRDA:49,5,0,1
BRDA:49,5,1,1
BRDA:52,6,0,0
BRDA:52,6,1,0
BRDA:62,7,0,1
BRDA:62,7,1,1
BRDA:69,8,0,1
BRDA:69,8,1,1
BRDA:74,9,0,0
BRDA:74,9,1,0
BRDA:77,10,0,0
BRDA:77,10,1,0
BRDA:85,11,0,1
BRDA:85,11,1,1
BRDA:88,12,0,0
BRDA:88,12,1,0
BRF:26
BRH:14
end_of_record
TN:
SF:src/models/Analytics.ts
FNF:0
FNH:0
DA:1,1
DA:10,1
DA:20,1
LF:3
LH:3
BRF:0
BRH:0
end_of_record
TN:
SF:src/models/Asset.ts
FNF:0
FNH:0
DA:1,5
DA:14,5
DA:28,5
LF:3
LH:3
BRF:0
BRH:0
end_of_record
TN:
SF:src/models/AssetTag.ts
FNF:0
FNH:0
DA:1,1
DA:8,1
DA:16,1
DA:18,1
LF:4
LH:4
BRF:0
BRH:0
end_of_record
TN:
SF:src/models/Download.ts
FNF:0
FNH:0
DA:1,1
DA:9,1
DA:18,1
LF:3
LH:3
BRF:0
BRH:0
end_of_record
TN:
SF:src/models/ProcessingJob.ts
FNF:0
FNH:0
DA:1,1
DA:11,1
DA:22,1
LF:3
LH:3
BRF:0
BRH:0
end_of_record
TN:
SF:src/models/Tag.ts
FNF:0
FNH:0
DA:1,2
DA:7,2
DA:14,2
LF:3
LH:3
BRF:0
BRH:0
end_of_record
TN:
SF:src/models/User.ts
FNF:0
FNH:0
DA:1,7
DA:11,7
DA:22,7
LF:3
LH:3
BRF:0
BRH:0
end_of_record
TN:
SF:src/queues/processing.queue.ts
FNF:0
FNH:0
DA:1,1
DA:2,1
DA:4,1
LF:3
LH:3
BRF:0
BRH:0
end_of_record
TN:
SF:src/routes/upload.routes.ts
FNF:0
FNH:0
DA:1,1
DA:2,1
DA:4,1
DA:6,1
DA:8,1
LF:5
LH:5
BRF:0
BRH:0
end_of_record
TN:
SF:src/routes/user.routes.ts
FNF:0
FNH:0
DA:1,1
DA:2,1
DA:10,1
DA:12,1
DA:13,1
DA:14,1
DA:15,1
DA:16,1
DA:18,1
LF:9
LH:9
BRF:0
BRH:0
end_of_record
TN:
SF:src/services/upload.service.ts
FN:12,(anonymous_0)
FN:20,(anonymous_1)
FN:26,(anonymous_2)
FN:39,(anonymous_3)
FN:46,(anonymous_4)
FNF:5
FNH:0
FNDA:0,(anonymous_0)
FNDA:0,(anonymous_1)
FNDA:0,(anonymous_2)
FNDA:0,(anonymous_3)
FNDA:0,(anonymous_4)
DA:2,1
DA:3,1
DA:4,1
DA:10,1
DA:12,1
DA:17,0
DA:18,0
DA:20,0
DA:21,0
DA:22,0
DA:24,0
DA:27,0
DA:29,0
DA:36,0
DA:37,0
DA:40,0
DA:43,0
DA:46,0
DA:47,0
DA:48,0
DA:49,0
DA:54,0
DA:55,0
LF:23
LH:5
BRF:0
BRH:0
end_of_record
